22:31:11.461 karate.env system property was:  
22:31:11.621 [print]  url ::  http://localhost:9897
22:31:11.628 [print]  path ::  /normal/webapi/add
22:31:11.635 [print]  id ::  38
22:31:12.019 request:
1 > POST http://localhost:9897/normal/webapi/add
1 > Accept: application/json
1 > Accept-Encoding: gzip,deflate
1 > Connection: Keep-Alive
1 > Content-Length: 247
1 > Content-Type: application/json; charset=UTF-8
1 > Host: localhost:9897
1 > User-Agent: Apache-HttpClient/4.5.12 (Java/11.0.12)
{"jobId":38,"jobTitle":"Software Engg - Part2","project":[{"technology":["Kotlin","SQL Lite","Gradle","No Sql"],"projectName":"Movie App"}],"jobDescription":"To develop andriod application","experience":["Google","Apple","Mobile Iron","Facebook"]}

22:31:12.071 response time in milliseconds: 51.16
1 < 201
1 < Cache-Control: no-cache, no-store, max-age=0, must-revalidate
1 < Connection: keep-alive
1 < Content-Type: application/json
1 < Date: Sun, 22 Aug 2021 17:01:12 GMT
1 < Expires: 0
1 < Keep-Alive: timeout=60
1 < Pragma: no-cache
1 < Transfer-Encoding: chunked
1 < X-Content-Type-Options: nosniff
1 < X-Frame-Options: DENY
1 < X-XSS-Protection: 1; mode=block
{"jobId":38,"jobTitle":"Software Engg - Part2","jobDescription":"To develop andriod application","experience":["Google","Apple","Mobile Iron","Facebook"],"project":[{"projectName":"Movie App","technology":["Kotlin","SQL Lite","Gradle","No Sql"]}]}

22:31:12.095 request:
1 > DELETE http://localhost:9897/normal/webapi/remove/38
1 > Accept: application/json
1 > Accept-Encoding: gzip,deflate
1 > Connection: Keep-Alive
1 > Content-Type: application/json
1 > Host: localhost:9897
1 > User-Agent: Apache-HttpClient/4.5.12 (Java/11.0.12)

22:31:12.107 response time in milliseconds: 10.27
1 < 200
1 < Cache-Control: no-cache, no-store, max-age=0, must-revalidate
1 < Connection: keep-alive
1 < Content-Type: application/json
1 < Date: Sun, 22 Aug 2021 17:01:12 GMT
1 < Expires: 0
1 < Keep-Alive: timeout=60
1 < Pragma: no-cache
1 < Transfer-Encoding: chunked
1 < X-Content-Type-Options: nosniff
1 < X-Frame-Options: DENY
1 < X-XSS-Protection: 1; mode=block
{"jobId":38,"jobTitle":"Software Engg - Part2","jobDescription":"To develop andriod application","experience":["Google","Apple","Mobile Iron","Facebook"],"project":[{"projectName":"Movie App","technology":["Kotlin","SQL Lite","Gradle","No Sql"]}]}

22:31:12.113 request:
2 > GET http://localhost:9897/normal/webapi/find?id=38&jobTitle=Software+Engg+-+Part2
2 > Accept-Encoding: gzip,deflate
2 > Connection: Keep-Alive
2 > Host: localhost:9897
2 > User-Agent: Apache-HttpClient/4.5.12 (Java/11.0.12)

22:31:12.125 response time in milliseconds: 10.69
2 < 404
2 < Cache-Control: no-cache, no-store, max-age=0, must-revalidate
2 < Connection: keep-alive
2 < Content-Type: application/json
2 < Date: Sun, 22 Aug 2021 17:01:12 GMT
2 < Expires: 0
2 < Keep-Alive: timeout=60
2 < Pragma: no-cache
2 < Transfer-Encoding: chunked
2 < X-Content-Type-Options: nosniff
2 < X-Frame-Options: DENY
2 < X-XSS-Protection: 1; mode=block
{"message":"Failed to find job with id=38, jobTitle=Software Engg - Part2"}

22:31:12.137 karate.env system property was:  
22:31:12.139 [print] =================Background step should execute first==================
22:31:12.146 request:
1 > GET http://localhost:9897/normal/webapi/all
1 > Accept: application/json
1 > Accept-Encoding: gzip,deflate
1 > Connection: Keep-Alive
1 > Host: localhost:9897
1 > User-Agent: Apache-HttpClient/4.5.12 (Java/11.0.12)

22:31:12.184 response time in milliseconds: 38.05
1 < 200
1 < Cache-Control: no-cache, no-store, max-age=0, must-revalidate
1 < Connection: keep-alive
1 < Content-Type: application/json
1 < Date: Sun, 22 Aug 2021 17:01:12 GMT
1 < Expires: 0
1 < Keep-Alive: timeout=60
1 < Pragma: no-cache
1 < Transfer-Encoding: chunked
1 < X-Content-Type-Options: nosniff
1 < X-Frame-Options: DENY
1 < X-XSS-Protection: 1; mode=block
[{"jobId":1,"jobTitle":"Software Engg","jobDescription":"To develop andriod application","experience":["Google","Apple","Mobile Iron"],"project":[{"projectName":"Movie App","technology":["Kotlin","SQL Lite","Gradle"]}]},{"jobId":800,"jobTitle":"Software Engg - Part2","jobDescription":"To develop andriod application","experience":["Google","Apple","Mobile Iron","Facebook"],"project":[{"projectName":"Movie App","technology":["Kotlin","SQL Lite","Gradle","No Sql"]}]},{"jobId":2,"jobTitle":"Software Engg - Part2","jobDescription":"To develop andriod application","experience":["Google","Apple","Mobile Iron","Facebook"],"project":[{"projectName":"Movie App","technology":["Kotlin","SQL Lite","Gradle","No Sql"]}]}]

22:31:12.192 karate.env system property was:  
22:31:12.193 [print] =================Background step should execute first==================
22:31:12.196 request:
1 > GET http://localhost:9897/normal/webapi/all
1 > Accept: application/xml
1 > Accept-Encoding: gzip,deflate
1 > Connection: Keep-Alive
1 > Host: localhost:9897
1 > User-Agent: Apache-HttpClient/4.5.12 (Java/11.0.12)

22:31:12.223 response time in milliseconds: 25.95
1 < 200
1 < Cache-Control: no-cache, no-store, max-age=0, must-revalidate
1 < Connection: keep-alive
1 < Content-Type: application/xml
1 < Date: Sun, 22 Aug 2021 17:01:12 GMT
1 < Expires: 0
1 < Keep-Alive: timeout=60
1 < Pragma: no-cache
1 < Transfer-Encoding: chunked
1 < X-Content-Type-Options: nosniff
1 < X-Frame-Options: DENY
1 < X-XSS-Protection: 1; mode=block
<List><item><jobId>1</jobId><jobTitle>Software Engg</jobTitle><jobDescription>To develop andriod application</jobDescription><experience><experience>Google</experience><experience>Apple</experience><experience>Mobile Iron</experience></experience><project><project><projectName>Movie App</projectName><technology><technology>Kotlin</technology><technology>SQL Lite</technology><technology>Gradle</technology></technology></project></project></item><item><jobId>800</jobId><jobTitle>Software Engg - Part2</jobTitle><jobDescription>To develop andriod application</jobDescription><experience><experience>Google</experience><experience>Apple</experience><experience>Mobile Iron</experience><experience>Facebook</experience></experience><project><project><projectName>Movie App</projectName><technology><technology>Kotlin</technology><technology>SQL Lite</technology><technology>Gradle</technology><technology>No Sql</technology></technology></project></project></item><item><jobId>2</jobId><jobTitle>Software Engg - Part2</jobTitle><jobDescription>To develop andriod application</jobDescription><experience><experience>Google</experience><experience>Apple</experience><experience>Mobile Iron</experience><experience>Facebook</experience></experience><project><project><projectName>Movie App</projectName><technology><technology>Kotlin</technology><technology>SQL Lite</technology><technology>Gradle</technology><technology>No Sql</technology></technology></project></project></item></List>

22:31:12.228 [print] <List>
  <item>
    <jobId>1</jobId>
    <jobTitle>Software Engg</jobTitle>
    <jobDescription>To develop andriod application</jobDescription>
    <experience>
      <experience>Google</experience>
      <experience>Apple</experience>
      <experience>Mobile Iron</experience>
    </experience>
    <project>
      <project>
        <projectName>Movie App</projectName>
        <technology>
          <technology>Kotlin</technology>
          <technology>SQL Lite</technology>
          <technology>Gradle</technology>
        </technology>
      </project>
    </project>
  </item>
  <item>
    <jobId>800</jobId>
    <jobTitle>Software Engg - Part2</jobTitle>
    <jobDescription>To develop andriod application</jobDescription>
    <experience>
      <experience>Google</experience>
      <experience>Apple</experience>
      <experience>Mobile Iron</experience>
      <experience>Facebook</experience>
    </experience>
    <project>
      <project>
        <projectName>Movie App</projectName>
        <technology>
          <technology>Kotlin</technology>
          <technology>SQL Lite</technology>
          <technology>Gradle</technology>
          <technology>No Sql</technology>
        </technology>
      </project>
    </project>
  </item>
  <item>
    <jobId>2</jobId>
    <jobTitle>Software Engg - Part2</jobTitle>
    <jobDescription>To develop andriod application</jobDescription>
    <experience>
      <experience>Google</experience>
      <experience>Apple</experience>
      <experience>Mobile Iron</experience>
      <experience>Facebook</experience>
    </experience>
    <project>
      <project>
        <projectName>Movie App</projectName>
        <technology>
          <technology>Kotlin</technology>
          <technology>SQL Lite</technology>
          <technology>Gradle</technology>
          <technology>No Sql</technology>
        </technology>
      </project>
    </project>
  </item>
</List>

22:31:12.310 karate.env system property was:  
22:31:12.313 [print] =================Background step should execute first==================
22:31:12.334 request:
1 > GET http://localhost:9897/normal/webapi/all
1 > Accept: application/json
1 > Accept-Encoding: gzip,deflate
1 > Connection: Keep-Alive
1 > Host: localhost:9897
1 > User-Agent: Apache-HttpClient/4.5.12 (Java/11.0.12)

22:31:12.424 response time in milliseconds: 88.77
1 < 200
1 < Cache-Control: no-cache, no-store, max-age=0, must-revalidate
1 < Connection: keep-alive
1 < Content-Type: application/json
1 < Date: Sun, 22 Aug 2021 17:01:12 GMT
1 < Expires: 0
1 < Keep-Alive: timeout=60
1 < Pragma: no-cache
1 < Transfer-Encoding: chunked
1 < X-Content-Type-Options: nosniff
1 < X-Frame-Options: DENY
1 < X-XSS-Protection: 1; mode=block
[{"jobId":1,"jobTitle":"Software Engg","jobDescription":"To develop andriod application","experience":["Google","Apple","Mobile Iron"],"project":[{"projectName":"Movie App","technology":["Kotlin","SQL Lite","Gradle"]}]},{"jobId":800,"jobTitle":"Software Engg - Part2","jobDescription":"To develop andriod application","experience":["Google","Apple","Mobile Iron","Facebook"],"project":[{"projectName":"Movie App","technology":["Kotlin","SQL Lite","Gradle","No Sql"]}]},{"jobId":2,"jobTitle":"Software Engg - Part2","jobDescription":"To develop andriod application","experience":["Google","Apple","Mobile Iron","Facebook"],"project":[{"projectName":"Movie App","technology":["Kotlin","SQL Lite","Gradle","No Sql"]}]},{"jobId":2,"jobTitle":"Software Engg - Part2","jobDescription":"To develop andriod application","experience":["Google","Apple","Mobile Iron","Facebook"],"project":[{"projectName":"Movie App","technology":["Kotlin","SQL Lite","Gradle","No Sql"]}]},{"jobId":2,"jobTitle":"Software Engg - Part2","jobDescription":"To develop andriod application","experience":["Google","Apple","Mobile Iron","Facebook"],"project":[{"projectName":"Movie App","technology":["Kotlin","SQL Lite","Gradle","No Sql"]}]}]

22:31:12.425 [print] [
  {
    "jobId": 1,
    "jobTitle": "Software Engg",
    "project": [
      {
        "technology": [
          "Kotlin",
          "SQL Lite",
          "Gradle"
        ],
        "projectName": "Movie App"
      }
    ],
    "jobDescription": "To develop andriod application",
    "experience": [
      "Google",
      "Apple",
      "Mobile Iron"
    ]
  },
  {
    "jobId": 800,
    "jobTitle": "Software Engg - Part2",
    "project": [
      {
        "technology": [
          "Kotlin",
          "SQL Lite",
          "Gradle",
          "No Sql"
        ],
        "projectName": "Movie App"
      }
    ],
    "jobDescription": "To develop andriod application",
    "experience": [
      "Google",
      "Apple",
      "Mobile Iron",
      "Facebook"
    ]
  },
  {
    "jobId": 2,
    "jobTitle": "Software Engg - Part2",
    "project": [
      {
        "technology": [
          "Kotlin",
          "SQL Lite",
          "Gradle",
          "No Sql"
        ],
        "projectName": "Movie App"
      }
    ],
    "jobDescription": "To develop andriod application",
    "experience": [
      "Google",
      "Apple",
      "Mobile Iron",
      "Facebook"
    ]
  },
  {
    "jobId": 2,
    "jobTitle": "Software Engg - Part2",
    "project": [
      {
        "technology": [
          "Kotlin",
          "SQL Lite",
          "Gradle",
          "No Sql"
        ],
        "projectName": "Movie App"
      }
    ],
    "jobDescription": "To develop andriod application",
    "experience": [
      "Google",
      "Apple",
      "Mobile Iron",
      "Facebook"
    ]
  },
  {
    "jobId": 2,
    "jobTitle": "Software Engg - Part2",
    "project": [
      {
        "technology": [
          "Kotlin",
          "SQL Lite",
          "Gradle",
          "No Sql"
        ],
        "projectName": "Movie App"
      }
    ],
    "jobDescription": "To develop andriod application",
    "experience": [
      "Google",
      "Apple",
      "Mobile Iron",
      "Facebook"
    ]
  }
]

22:31:12.426 assertion failed: path: $, actual: [{"jobId":1,"jobTitle":"Software Engg","project":[{"technology":["Kotlin","SQL Lite","Gradle"],"projectName":"Movie App"}],"jobDescription":"To develop andriod application","experience":["Google","Apple","Mobile Iron"]},{"jobId":800,"jobTitle":"Software Engg - Part2","project":[{"technology":["Kotlin","SQL Lite","Gradle","No Sql"],"projectName":"Movie App"}],"jobDescription":"To develop andriod application","experience":["Google","Apple","Mobile Iron","Facebook"]},{"jobId":2,"jobTitle":"Software Engg - Part2","project":[{"technology":["Kotlin","SQL Lite","Gradle","No Sql"],"projectName":"Movie App"}],"jobDescription":"To develop andriod application","experience":["Google","Apple","Mobile Iron","Facebook"]},{"jobId":2,"jobTitle":"Software Engg - Part2","project":[{"technology":["Kotlin","SQL Lite","Gradle","No Sql"],"projectName":"Movie App"}],"jobDescription":"To develop andriod application","experience":["Google","Apple","Mobile Iron","Facebook"]},{"jobId":2,"jobTitle":"Software Engg - Part2","project":[{"technology":["Kotlin","SQL Lite","Gradle","No Sql"],"projectName":"Movie App"}],"jobDescription":"To develop andriod application","experience":["Google","Apple","Mobile Iron","Facebook"]}], expected: [{"jobId":1,"jobTitle":"Software Engg","project":[{"technology":["Kotlin","SQL Lite","Gradle"],"projectName":"Movie App"}],"jobDescription":"To develop andriod application","experience":["Google","Apple","Mobile Iron"]}], reason: actual and expected arrays are not the same size - 5:1
22:31:12.433 karate.env system property was:  
22:31:12.434 [print] =================Background step should execute first==================
22:31:12.437 request:
1 > GET http://localhost:9897/normal/webapi/all
1 > Accept: application/json
1 > Accept-Encoding: gzip,deflate
1 > Connection: Keep-Alive
1 > Host: localhost:9897
1 > User-Agent: Apache-HttpClient/4.5.12 (Java/11.0.12)

22:31:15.929 response time in milliseconds: 3490.21
1 < 200
1 < Cache-Control: no-cache, no-store, max-age=0, must-revalidate
1 < Connection: keep-alive
1 < Content-Type: application/json
1 < Date: Sun, 22 Aug 2021 17:01:15 GMT
1 < Expires: 0
1 < Keep-Alive: timeout=60
1 < Pragma: no-cache
1 < Transfer-Encoding: chunked
1 < X-Content-Type-Options: nosniff
1 < X-Frame-Options: DENY
1 < X-XSS-Protection: 1; mode=block
[{"jobId":1,"jobTitle":"Software Engg","jobDescription":"To develop andriod application","experience":["Google","Apple","Mobile Iron"],"project":[{"projectName":"Movie App","technology":["Kotlin","SQL Lite","Gradle"]}]},{"jobId":800,"jobTitle":"Software Engg - Part2","jobDescription":"To develop andriod application","experience":["Google","Apple","Mobile Iron","Facebook"],"project":[{"projectName":"Movie App","technology":["Kotlin","SQL Lite","Gradle","No Sql"]}]}]

22:31:15.930 [print] [
  {
    "jobId": 1,
    "jobTitle": "Software Engg",
    "project": [
      {
        "technology": [
          "Kotlin",
          "SQL Lite",
          "Gradle"
        ],
        "projectName": "Movie App"
      }
    ],
    "jobDescription": "To develop andriod application",
    "experience": [
      "Google",
      "Apple",
      "Mobile Iron"
    ]
  },
  {
    "jobId": 800,
    "jobTitle": "Software Engg - Part2",
    "project": [
      {
        "technology": [
          "Kotlin",
          "SQL Lite",
          "Gradle",
          "No Sql"
        ],
        "projectName": "Movie App"
      }
    ],
    "jobDescription": "To develop andriod application",
    "experience": [
      "Google",
      "Apple",
      "Mobile Iron",
      "Facebook"
    ]
  }
]

22:31:15.941 karate.env system property was:  
22:31:15.941 [print] =================Background step should execute first==================
22:31:15.943 request:
1 > GET http://localhost:9897/normal/webapi/all
1 > Accept: application/json
1 > Accept-Encoding: gzip,deflate
1 > Connection: Keep-Alive
1 > Host: localhost:9897
1 > User-Agent: Apache-HttpClient/4.5.12 (Java/11.0.12)

22:31:16.007 response time in milliseconds: 63.11
1 < 200
1 < Cache-Control: no-cache, no-store, max-age=0, must-revalidate
1 < Connection: keep-alive
1 < Content-Type: application/json
1 < Date: Sun, 22 Aug 2021 17:01:15 GMT
1 < Expires: 0
1 < Keep-Alive: timeout=60
1 < Pragma: no-cache
1 < Transfer-Encoding: chunked
1 < X-Content-Type-Options: nosniff
1 < X-Frame-Options: DENY
1 < X-XSS-Protection: 1; mode=block
[{"jobId":1,"jobTitle":"Software Engg","jobDescription":"To develop andriod application","experience":["Google","Apple","Mobile Iron"],"project":[{"projectName":"Movie App","technology":["Kotlin","SQL Lite","Gradle"]}]},{"jobId":800,"jobTitle":"Software Engg - Part2","jobDescription":"To develop andriod application","experience":["Google","Apple","Mobile Iron","Facebook"],"project":[{"projectName":"Movie App","technology":["Kotlin","SQL Lite","Gradle","No Sql"]}]},{"jobId":81,"jobTitle":"Software Engg - Part2","jobDescription":"To develop andriod application","experience":["Google","Apple","Mobile Iron","Facebook"],"project":[{"projectName":"Movie App","technology":["Kotlin","SQL Lite","Gradle","No Sql"]}]},{"jobId":20,"jobTitle":"Software Engg - Part2","jobDescription":"To develop andriod application","experience":["Google","Apple","Mobile Iron","Facebook"],"project":[{"projectName":"Movie App","technology":["Kotlin","SQL Lite","Gradle","No Sql"]}]}]

22:31:16.007 [print] [
  {
    "jobId": 1,
    "jobTitle": "Software Engg",
    "project": [
      {
        "technology": [
          "Kotlin",
          "SQL Lite",
          "Gradle"
        ],
        "projectName": "Movie App"
      }
    ],
    "jobDescription": "To develop andriod application",
    "experience": [
      "Google",
      "Apple",
      "Mobile Iron"
    ]
  },
  {
    "jobId": 800,
    "jobTitle": "Software Engg - Part2",
    "project": [
      {
        "technology": [
          "Kotlin",
          "SQL Lite",
          "Gradle",
          "No Sql"
        ],
        "projectName": "Movie App"
      }
    ],
    "jobDescription": "To develop andriod application",
    "experience": [
      "Google",
      "Apple",
      "Mobile Iron",
      "Facebook"
    ]
  },
  {
    "jobId": 81,
    "jobTitle": "Software Engg - Part2",
    "project": [
      {
        "technology": [
          "Kotlin",
          "SQL Lite",
          "Gradle",
          "No Sql"
        ],
        "projectName": "Movie App"
      }
    ],
    "jobDescription": "To develop andriod application",
    "experience": [
      "Google",
      "Apple",
      "Mobile Iron",
      "Facebook"
    ]
  },
  {
    "jobId": 20,
    "jobTitle": "Software Engg - Part2",
    "project": [
      {
        "technology": [
          "Kotlin",
          "SQL Lite",
          "Gradle",
          "No Sql"
        ],
        "projectName": "Movie App"
      }
    ],
    "jobDescription": "To develop andriod application",
    "experience": [
      "Google",
      "Apple",
      "Mobile Iron",
      "Facebook"
    ]
  }
]

22:31:16.014 karate.env system property was:  
22:31:16.039 [print] Print integer value ::  10
22:31:16.042 [print] String value ::  subhankar
22:31:16.044 [print] Sum is ::  20.0
22:31:16.052 karate.env system property was:  
22:31:16.078 [print]  url ::  http://localhost:9897
22:31:16.078 [print]  path ::  /normal/webapi/add
22:31:16.079 [print]  id ::  83
22:31:16.084 request:
1 > POST http://localhost:9897/normal/webapi/add
1 > Accept: application/json
1 > Accept-Encoding: gzip,deflate
1 > Connection: Keep-Alive
1 > Content-Length: 247
1 > Content-Type: application/json; charset=UTF-8
1 > Host: localhost:9897
1 > User-Agent: Apache-HttpClient/4.5.12 (Java/11.0.12)
{"jobId":83,"jobTitle":"Software Engg - Part2","project":[{"technology":["Kotlin","SQL Lite","Gradle","No Sql"],"projectName":"Movie App"}],"jobDescription":"To develop andriod application","experience":["Google","Apple","Mobile Iron","Facebook"]}

22:31:16.274 response time in milliseconds: 190.10
1 < 201
1 < Cache-Control: no-cache, no-store, max-age=0, must-revalidate
1 < Connection: keep-alive
1 < Content-Type: application/json
1 < Date: Sun, 22 Aug 2021 17:01:15 GMT
1 < Expires: 0
1 < Keep-Alive: timeout=60
1 < Pragma: no-cache
1 < Transfer-Encoding: chunked
1 < X-Content-Type-Options: nosniff
1 < X-Frame-Options: DENY
1 < X-XSS-Protection: 1; mode=block
{"jobId":83,"jobTitle":"Software Engg - Part2","jobDescription":"To develop andriod application","experience":["Google","Apple","Mobile Iron","Facebook"],"project":[{"projectName":"Movie App","technology":["Kotlin","SQL Lite","Gradle","No Sql"]}]}

22:31:16.283 request:
1 > PATCH http://localhost:9897/normal/webapi/update/details?id=83&jobTitle=Software+Engg+-+Part2&jobDescription=To+develop+andriod+application+and+web+application
1 > Accept: application/json
1 > Accept-Encoding: gzip,deflate
1 > Connection: Keep-Alive
1 > Content-Length: 2
1 > Content-Type: application/json; charset=UTF-8
1 > Host: localhost:9897
1 > User-Agent: Apache-HttpClient/4.5.12 (Java/11.0.12)
{}

22:31:16.333 response time in milliseconds: 49.02
1 < 200
1 < Cache-Control: no-cache, no-store, max-age=0, must-revalidate
1 < Connection: keep-alive
1 < Content-Type: application/json
1 < Date: Sun, 22 Aug 2021 17:01:15 GMT
1 < Expires: 0
1 < Keep-Alive: timeout=60
1 < Pragma: no-cache
1 < Transfer-Encoding: chunked
1 < X-Content-Type-Options: nosniff
1 < X-Frame-Options: DENY
1 < X-XSS-Protection: 1; mode=block
{"jobId":83,"jobTitle":"Software Engg - Part2","jobDescription":"To develop andriod application and web application","experience":["Google","Apple","Mobile Iron","Facebook"],"project":[{"projectName":"Movie App","technology":["Kotlin","SQL Lite","Gradle","No Sql"]}]}

22:31:16.341 request:
2 > DELETE http://localhost:9897/normal/webapi/remove/83
2 > Accept-Encoding: gzip,deflate
2 > Connection: Keep-Alive
2 > Host: localhost:9897
2 > User-Agent: Apache-HttpClient/4.5.12 (Java/11.0.12)

22:31:16.396 response time in milliseconds: 52.75
2 < 200
2 < Cache-Control: no-cache, no-store, max-age=0, must-revalidate
2 < Connection: keep-alive
2 < Content-Type: application/json
2 < Date: Sun, 22 Aug 2021 17:01:15 GMT
2 < Expires: 0
2 < Keep-Alive: timeout=60
2 < Pragma: no-cache
2 < Transfer-Encoding: chunked
2 < X-Content-Type-Options: nosniff
2 < X-Frame-Options: DENY
2 < X-XSS-Protection: 1; mode=block
{"jobId":83,"jobTitle":"Software Engg - Part2","jobDescription":"To develop andriod application and web application","experience":["Google","Apple","Mobile Iron","Facebook"],"project":[{"projectName":"Movie App","technology":["Kotlin","SQL Lite","Gradle","No Sql"]}]}

22:31:16.404 karate.env system property was:  
22:31:16.410 request:
1 > POST http://localhost:9897/normal/webapi/add
1 > Accept: application/json
1 > Accept-Encoding: gzip,deflate
1 > Connection: Keep-Alive
1 > Content-Length: 246
1 > Content-Type: application/json; charset=UTF-8
1 > Host: localhost:9897
1 > User-Agent: Apache-HttpClient/4.5.12 (Java/11.0.12)
{"jobId":5,"jobTitle":"Software Engg - Part2","project":[{"technology":["Kotlin","SQL Lite","Gradle","No Sql"],"projectName":"Movie App"}],"jobDescription":"To develop andriod application","experience":["Google","Apple","Mobile Iron","Facebook"]}

22:31:16.434 response time in milliseconds: 24.49
1 < 201
1 < Cache-Control: no-cache, no-store, max-age=0, must-revalidate
1 < Connection: keep-alive
1 < Content-Type: application/json
1 < Date: Sun, 22 Aug 2021 17:01:15 GMT
1 < Expires: 0
1 < Keep-Alive: timeout=60
1 < Pragma: no-cache
1 < Transfer-Encoding: chunked
1 < X-Content-Type-Options: nosniff
1 < X-Frame-Options: DENY
1 < X-XSS-Protection: 1; mode=block
{"jobId":5,"jobTitle":"Software Engg - Part2","jobDescription":"To develop andriod application","experience":["Google","Apple","Mobile Iron","Facebook"],"project":[{"projectName":"Movie App","technology":["Kotlin","SQL Lite","Gradle","No Sql"]}]}

22:31:16.435 [print] {
  "jobId": 5,
  "jobTitle": "Software Engg - Part2",
  "project": [
    {
      "technology": [
        "Kotlin",
        "SQL Lite",
        "Gradle",
        "No Sql"
      ],
      "projectName": "Movie App"
    }
  ],
  "jobDescription": "To develop andriod application",
  "experience": [
    "Google",
    "Apple",
    "Mobile Iron",
    "Facebook"
  ]
}

22:31:16.446 request:
2 > DELETE http://localhost:9897/normal/webapi/remove/5
2 > Accept-Encoding: gzip,deflate
2 > Connection: Keep-Alive
2 > Host: localhost:9897
2 > User-Agent: Apache-HttpClient/4.5.12 (Java/11.0.12)

22:31:16.661 response time in milliseconds: 213.15
2 < 200
2 < Cache-Control: no-cache, no-store, max-age=0, must-revalidate
2 < Connection: keep-alive
2 < Content-Type: application/json
2 < Date: Sun, 22 Aug 2021 17:01:15 GMT
2 < Expires: 0
2 < Keep-Alive: timeout=60
2 < Pragma: no-cache
2 < Transfer-Encoding: chunked
2 < X-Content-Type-Options: nosniff
2 < X-Frame-Options: DENY
2 < X-XSS-Protection: 1; mode=block
{"jobId":5,"jobTitle":"Software Engg - Part2","jobDescription":"To develop andriod application","experience":["Google","Apple","Mobile Iron","Facebook"],"project":[{"projectName":"Movie App","technology":["Kotlin","SQL Lite","Gradle","No Sql"]}]}

22:31:16.668 karate.env system property was:  
22:31:16.687 request:
1 > POST http://localhost:9897/normal/webapi/add
1 > Accept: application/json
1 > Accept-Encoding: gzip,deflate
1 > Connection: Keep-Alive
1 > Content-Length: 248
1 > Content-Type: application/json; charset=UTF-8
1 > Host: localhost:9897
1 > User-Agent: Apache-HttpClient/4.5.12 (Java/11.0.12)
{"jobId":800,"jobTitle":"Software Engg - Part2","project":[{"technology":["Kotlin","SQL Lite","Gradle","No Sql"],"projectName":"Movie App"}],"jobDescription":"To develop andriod application","experience":["Google","Apple","Mobile Iron","Facebook"]}

22:31:16.727 response time in milliseconds: 38.48
1 < 201
1 < Cache-Control: no-cache, no-store, max-age=0, must-revalidate
1 < Connection: keep-alive
1 < Content-Type: application/json
1 < Date: Sun, 22 Aug 2021 17:01:15 GMT
1 < Expires: 0
1 < Keep-Alive: timeout=60
1 < Pragma: no-cache
1 < Transfer-Encoding: chunked
1 < X-Content-Type-Options: nosniff
1 < X-Frame-Options: DENY
1 < X-XSS-Protection: 1; mode=block
{"jobId":800,"jobTitle":"Software Engg - Part2","jobDescription":"To develop andriod application","experience":["Google","Apple","Mobile Iron","Facebook"],"project":[{"projectName":"Movie App","technology":["Kotlin","SQL Lite","Gradle","No Sql"]}]}

22:31:16.734 request:
1 > PUT http://localhost:9897/normal/webapi/update
1 > Accept: application/json
1 > Accept-Encoding: gzip,deflate
1 > Connection: Keep-Alive
1 > Content-Length: 332
1 > Content-Type: application/json; charset=UTF-8
1 > Host: localhost:9897
1 > User-Agent: Apache-HttpClient/4.5.12 (Java/11.0.12)
{"jobId":800,"jobTitle":"Software Engg - Part2","jobDescription":"To develop andriod application and web application","experience":["Google","Apple","Mobile Iron","Facebook"],"project":[{"projectName":"Movie App","technology":["Kotlin","SQL Lite","Gradle","No Sql"]},{"projectName":"Web App","technology":["Selenium","UFT","RPA"]}]}

22:31:16.757 response time in milliseconds: 21.80
1 < 200
1 < Cache-Control: no-cache, no-store, max-age=0, must-revalidate
1 < Connection: keep-alive
1 < Content-Type: application/json
1 < Date: Sun, 22 Aug 2021 17:01:15 GMT
1 < Expires: 0
1 < Keep-Alive: timeout=60
1 < Pragma: no-cache
1 < Transfer-Encoding: chunked
1 < X-Content-Type-Options: nosniff
1 < X-Frame-Options: DENY
1 < X-XSS-Protection: 1; mode=block
{"jobId":800,"jobTitle":"Software Engg - Part2","jobDescription":"To develop andriod application and web application","experience":["Google","Apple","Mobile Iron","Facebook"],"project":[{"projectName":"Movie App","technology":["Kotlin","SQL Lite","Gradle","No Sql"]},{"projectName":"Web App","technology":["Selenium","UFT","RPA"]}]}

22:31:16.765 request:
2 > DELETE http://localhost:9897/normal/webapi/remove/800
2 > Accept-Encoding: gzip,deflate
2 > Connection: Keep-Alive
2 > Host: localhost:9897
2 > User-Agent: Apache-HttpClient/4.5.12 (Java/11.0.12)

22:31:16.785 response time in milliseconds: 19.48
2 < 200
2 < Cache-Control: no-cache, no-store, max-age=0, must-revalidate
2 < Connection: keep-alive
2 < Content-Type: application/json
2 < Date: Sun, 22 Aug 2021 17:01:15 GMT
2 < Expires: 0
2 < Keep-Alive: timeout=60
2 < Pragma: no-cache
2 < Transfer-Encoding: chunked
2 < X-Content-Type-Options: nosniff
2 < X-Frame-Options: DENY
2 < X-XSS-Protection: 1; mode=block
{"jobId":800,"jobTitle":"Software Engg - Part2","jobDescription":"To develop andriod application and web application","experience":["Google","Apple","Mobile Iron","Facebook"],"project":[{"projectName":"Movie App","technology":["Kotlin","SQL Lite","Gradle","No Sql"]},{"projectName":"Web App","technology":["Selenium","UFT","RPA"]}]}

22:31:16.790 karate.env system property was:  
22:31:16.808 request:
1 > POST http://localhost:9897/normal/webapi/add
1 > Accept: application/json
1 > Accept-Encoding: gzip,deflate
1 > Connection: Keep-Alive
1 > Content-Length: 248
1 > Content-Type: application/json; charset=UTF-8
1 > Host: localhost:9897
1 > User-Agent: Apache-HttpClient/4.5.12 (Java/11.0.12)
{"jobId":800,"jobTitle":"Software Engg - Part2","project":[{"technology":["Kotlin","SQL Lite","Gradle","No Sql"],"projectName":"Movie App"}],"jobDescription":"To develop andriod application","experience":["Google","Apple","Mobile Iron","Facebook"]}

22:31:16.851 response time in milliseconds: 42.88
1 < 201
1 < Cache-Control: no-cache, no-store, max-age=0, must-revalidate
1 < Connection: keep-alive
1 < Content-Type: application/json
1 < Date: Sun, 22 Aug 2021 17:01:16 GMT
1 < Expires: 0
1 < Keep-Alive: timeout=60
1 < Pragma: no-cache
1 < Transfer-Encoding: chunked
1 < X-Content-Type-Options: nosniff
1 < X-Frame-Options: DENY
1 < X-XSS-Protection: 1; mode=block
{"jobId":800,"jobTitle":"Software Engg - Part2","jobDescription":"To develop andriod application","experience":["Google","Apple","Mobile Iron","Facebook"],"project":[{"projectName":"Movie App","technology":["Kotlin","SQL Lite","Gradle","No Sql"]}]}

22:31:16.881 request:
1 > PUT http://localhost:9897/normal/webapi/update
1 > Accept: application/json
1 > Accept-Encoding: gzip,deflate
1 > Connection: Keep-Alive
1 > Content-Length: 332
1 > Content-Type: application/json; charset=UTF-8
1 > Host: localhost:9897
1 > User-Agent: Apache-HttpClient/4.5.12 (Java/11.0.12)
{"jobId":800,"jobTitle":"Software Engg - Part2","jobDescription":"To develop andriod application and web application","experience":["Google","Apple","Mobile Iron","Facebook"],"project":[{"projectName":"Movie App","technology":["Kotlin","SQL Lite","Gradle","No Sql"]},{"projectName":"Web App","technology":["Selenium","UFT","RPA"]}]}

22:31:16.917 response time in milliseconds: 36.28
1 < 200
1 < Cache-Control: no-cache, no-store, max-age=0, must-revalidate
1 < Connection: keep-alive
1 < Content-Type: application/json
1 < Date: Sun, 22 Aug 2021 17:01:16 GMT
1 < Expires: 0
1 < Keep-Alive: timeout=60
1 < Pragma: no-cache
1 < Transfer-Encoding: chunked
1 < X-Content-Type-Options: nosniff
1 < X-Frame-Options: DENY
1 < X-XSS-Protection: 1; mode=block
{"jobId":800,"jobTitle":"Software Engg - Part2","jobDescription":"To develop andriod application and web application","experience":["Google","Apple","Mobile Iron","Facebook"],"project":[{"projectName":"Movie App","technology":["Kotlin","SQL Lite","Gradle","No Sql"]},{"projectName":"Web App","technology":["Selenium","UFT","RPA"]}]}

22:31:16.921 request:
2 > DELETE http://localhost:9897/normal/webapi/remove/800
2 > Accept-Encoding: gzip,deflate
2 > Connection: Keep-Alive
2 > Host: localhost:9897
2 > User-Agent: Apache-HttpClient/4.5.12 (Java/11.0.12)

22:31:16.990 response time in milliseconds: 68.89
2 < 200
2 < Cache-Control: no-cache, no-store, max-age=0, must-revalidate
2 < Connection: keep-alive
2 < Content-Type: application/json
2 < Date: Sun, 22 Aug 2021 17:01:16 GMT
2 < Expires: 0
2 < Keep-Alive: timeout=60
2 < Pragma: no-cache
2 < Transfer-Encoding: chunked
2 < X-Content-Type-Options: nosniff
2 < X-Frame-Options: DENY
2 < X-XSS-Protection: 1; mode=block
{"jobId":800,"jobTitle":"Software Engg - Part2","jobDescription":"To develop andriod application and web application","experience":["Google","Apple","Mobile Iron","Facebook"],"project":[{"projectName":"Movie App","technology":["Kotlin","SQL Lite","Gradle","No Sql"]},{"projectName":"Web App","technology":["Selenium","UFT","RPA"]}]}

22:31:17.008 karate.env system property was:  
22:31:17.042 feature call failed: classpath:com/api/automation/tags/e2e.feature
arg: null
e2e.feature:11 - could not find or read file: e2eData/e2eData.json
22:31:17.054 karate.env system property was:  
22:31:17.058 request:
1 > POST http://localhost:9897/normal/webapi/add
1 > Accept: application/json
1 > Accept-Encoding: gzip,deflate
1 > Connection: Keep-Alive
1 > Content-Length: 246
1 > Content-Type: application/json; charset=UTF-8
1 > Host: localhost:9897
1 > User-Agent: Apache-HttpClient/4.5.12 (Java/11.0.12)
{"jobId":5,"jobTitle":"Software Engg - Part2","project":[{"technology":["Kotlin","SQL Lite","Gradle","No Sql"],"projectName":"Movie App"}],"jobDescription":"To develop andriod application","experience":["Google","Apple","Mobile Iron","Facebook"]}

22:31:17.176 response time in milliseconds: 118.35
1 < 201
1 < Cache-Control: no-cache, no-store, max-age=0, must-revalidate
1 < Connection: keep-alive
1 < Content-Type: application/json
1 < Date: Sun, 22 Aug 2021 17:01:16 GMT
1 < Expires: 0
1 < Keep-Alive: timeout=60
1 < Pragma: no-cache
1 < Transfer-Encoding: chunked
1 < X-Content-Type-Options: nosniff
1 < X-Frame-Options: DENY
1 < X-XSS-Protection: 1; mode=block
{"jobId":5,"jobTitle":"Software Engg - Part2","jobDescription":"To develop andriod application","experience":["Google","Apple","Mobile Iron","Facebook"],"project":[{"projectName":"Movie App","technology":["Kotlin","SQL Lite","Gradle","No Sql"]}]}

22:31:17.177 [print] {
  "jobId": 5,
  "jobTitle": "Software Engg - Part2",
  "project": [
    {
      "technology": [
        "Kotlin",
        "SQL Lite",
        "Gradle",
        "No Sql"
      ],
      "projectName": "Movie App"
    }
  ],
  "jobDescription": "To develop andriod application",
  "experience": [
    "Google",
    "Apple",
    "Mobile Iron",
    "Facebook"
  ]
}

22:31:17.184 karate.env system property was:  
22:31:17.186 request:
1 > POST http://localhost:9897/normal/webapi/add
1 > Accept: application/json
1 > Accept-Encoding: gzip,deflate
1 > Connection: Keep-Alive
1 > Content-Length: 246
1 > Content-Type: application/json; charset=UTF-8
1 > Host: localhost:9897
1 > User-Agent: Apache-HttpClient/4.5.12 (Java/11.0.12)
{"jobId":2,"jobTitle":"Software Engg - Part2","project":[{"technology":["Kotlin","SQL Lite","Gradle","No Sql"],"projectName":"Movie App"}],"jobDescription":"To develop andriod application","experience":["Google","Apple","Mobile Iron","Facebook"]}

22:31:17.334 response time in milliseconds: 147.50
1 < 201
1 < Cache-Control: no-cache, no-store, max-age=0, must-revalidate
1 < Connection: keep-alive
1 < Content-Type: application/json
1 < Date: Sun, 22 Aug 2021 17:01:16 GMT
1 < Expires: 0
1 < Keep-Alive: timeout=60
1 < Pragma: no-cache
1 < Transfer-Encoding: chunked
1 < X-Content-Type-Options: nosniff
1 < X-Frame-Options: DENY
1 < X-XSS-Protection: 1; mode=block
{"jobId":2,"jobTitle":"Software Engg - Part2","jobDescription":"To develop andriod application","experience":["Google","Apple","Mobile Iron","Facebook"],"project":[{"projectName":"Movie App","technology":["Kotlin","SQL Lite","Gradle","No Sql"]}]}

22:31:17.334 [print] {
  "jobId": 2,
  "jobTitle": "Software Engg - Part2",
  "project": [
    {
      "technology": [
        "Kotlin",
        "SQL Lite",
        "Gradle",
        "No Sql"
      ],
      "projectName": "Movie App"
    }
  ],
  "jobDescription": "To develop andriod application",
  "experience": [
    "Google",
    "Apple",
    "Mobile Iron",
    "Facebook"
  ]
}

22:31:17.342 request:
2 > DELETE http://localhost:9897/normal/webapi/remove/2
2 > Accept-Encoding: gzip,deflate
2 > Connection: Keep-Alive
2 > Host: localhost:9897
2 > User-Agent: Apache-HttpClient/4.5.12 (Java/11.0.12)

22:31:17.372 response time in milliseconds: 28.74
2 < 200
2 < Cache-Control: no-cache, no-store, max-age=0, must-revalidate
2 < Connection: keep-alive
2 < Content-Type: application/json
2 < Date: Sun, 22 Aug 2021 17:01:16 GMT
2 < Expires: 0
2 < Keep-Alive: timeout=60
2 < Pragma: no-cache
2 < Transfer-Encoding: chunked
2 < X-Content-Type-Options: nosniff
2 < X-Frame-Options: DENY
2 < X-XSS-Protection: 1; mode=block
{"jobId":2,"jobTitle":"Software Engg - Part2","jobDescription":"To develop andriod application","experience":["Google","Apple","Mobile Iron","Facebook"],"project":[{"projectName":"Movie App","technology":["Kotlin","SQL Lite","Gradle","No Sql"]}]}

22:31:17.377 karate.env system property was:  
22:31:17.381 request:
1 > POST http://localhost:9897/normal/webapi/add
1 > Accept: application/json
1 > Accept-Encoding: gzip,deflate
1 > Connection: Keep-Alive
1 > Content-Length: 246
1 > Content-Type: application/json; charset=UTF-8
1 > Host: localhost:9897
1 > User-Agent: Apache-HttpClient/4.5.12 (Java/11.0.12)
{"jobId":6,"jobTitle":"Software Engg - Part6","project":[{"technology":["Kotlin","SQL Lite","Gradle","No Sql"],"projectName":"Movie App"}],"jobDescription":"To develop andriod application","experience":["Google","Apple","Mobile Iron","Facebook"]}

22:31:17.423 response time in milliseconds: 40.69
1 < 201
1 < Cache-Control: no-cache, no-store, max-age=0, must-revalidate
1 < Connection: keep-alive
1 < Content-Type: application/json
1 < Date: Sun, 22 Aug 2021 17:01:16 GMT
1 < Expires: 0
1 < Keep-Alive: timeout=60
1 < Pragma: no-cache
1 < Transfer-Encoding: chunked
1 < X-Content-Type-Options: nosniff
1 < X-Frame-Options: DENY
1 < X-XSS-Protection: 1; mode=block
{"jobId":6,"jobTitle":"Software Engg - Part6","jobDescription":"To develop andriod application","experience":["Google","Apple","Mobile Iron","Facebook"],"project":[{"projectName":"Movie App","technology":["Kotlin","SQL Lite","Gradle","No Sql"]}]}

22:31:17.423 [print] {
  "jobId": 6,
  "jobTitle": "Software Engg - Part6",
  "project": [
    {
      "technology": [
        "Kotlin",
        "SQL Lite",
        "Gradle",
        "No Sql"
      ],
      "projectName": "Movie App"
    }
  ],
  "jobDescription": "To develop andriod application",
  "experience": [
    "Google",
    "Apple",
    "Mobile Iron",
    "Facebook"
  ]
}

22:31:17.426 request:
2 > DELETE http://localhost:9897/normal/webapi/remove/6
2 > Accept-Encoding: gzip,deflate
2 > Connection: Keep-Alive
2 > Host: localhost:9897
2 > User-Agent: Apache-HttpClient/4.5.12 (Java/11.0.12)

22:31:17.489 response time in milliseconds: 63.69
2 < 200
2 < Cache-Control: no-cache, no-store, max-age=0, must-revalidate
2 < Connection: keep-alive
2 < Content-Type: application/json
2 < Date: Sun, 22 Aug 2021 17:01:16 GMT
2 < Expires: 0
2 < Keep-Alive: timeout=60
2 < Pragma: no-cache
2 < Transfer-Encoding: chunked
2 < X-Content-Type-Options: nosniff
2 < X-Frame-Options: DENY
2 < X-XSS-Protection: 1; mode=block
{"jobId":6,"jobTitle":"Software Engg - Part6","jobDescription":"To develop andriod application","experience":["Google","Apple","Mobile Iron","Facebook"],"project":[{"projectName":"Movie App","technology":["Kotlin","SQL Lite","Gradle","No Sql"]}]}

}
    ],
    "jobDescription": "To develop andriod application",
    "experience": [
      "Google",
      "Apple",
      "Mobile Iron",
      "Facebook"
    ]
  }
]

09:28:36.854 karate.env system property was:  
09:28:36.885 feature call failed: classpath:com/api/automation/tags/e2e.feature
arg: null
e2e.feature:11 - could not find or read file: e2eData/e2eData.json
09:28:36.905 karate.env system property was:  
09:28:36.933 feature call failed: classpath:com/api/automation/tags/e2e.feature
arg: null
e2e.feature:11 - could not find or read file: e2eData/e2eData.json
09:28:36.935 karate.env system property was:  
09:28:36.943 request:
1 > GET http://localhost:9897/normal/webapi/all
1 > Accept: application/json
1 > Accept-Encoding: gzip,deflate
1 > Connection: Keep-Alive
1 > Content-Type: application/json
1 > Host: localhost:9897
1 > User-Agent: Apache-HttpClient/4.5.12 (Java/11.0.12)

09:28:36.996 response time in milliseconds: 56.48
1 < 200
1 < Cache-Control: no-cache, no-store, max-age=0, must-revalidate
1 < Connection: keep-alive
1 < Content-Type: application/json
1 < Date: Wed, 11 Aug 2021 03:58:36 GMT
1 < Expires: 0
1 < Keep-Alive: timeout=60
1 < Pragma: no-cache
1 < Transfer-Encoding: chunked
1 < X-Content-Type-Options: nosniff
1 < X-Frame-Options: DENY
1 < X-XSS-Protection: 1; mode=block
[{"jobId":1,"jobTitle":"Software Engg","jobDescription":"To develop andriod application","experience":["Google","Apple","Mobile Iron"],"project":[{"projectName":"Movie App","technology":["Kotlin","SQL Lite","Gradle"]}]},{"jobId":2,"jobTitle":"Software Engg - Part2","jobDescription":"To develop andriod application","experience":["Google","Apple","Mobile Iron","Facebook"],"project":[{"projectName":"Movie App","technology":["Kotlin","SQL Lite","Gradle","No Sql"]}]}]

09:28:36.996 [print] [
  {
    "jobId": 1,
    "jobTitle": "Software Engg",
    "project": [
      {
        "technology": [
          "Kotlin",
          "SQL Lite",
          "Gradle"
        ],
        "projectName": "Movie App"
      }
    ],
    "jobDescription": "To develop andriod application",
    "experience": [
      "Google",
      "Apple",
      "Mobile Iron"
    ]
  },
  {
    "jobId": 2,
    "jobTitle": "Software Engg - Part2",
    "project": [
      {
        "technology": [
          "Kotlin",
          "SQL Lite",
          "Gradle",
          "No Sql"
        ],
        "projectName": "Movie App"
      }
    ],
    "jobDescription": "To develop andriod application",
    "experience": [
      "Google",
      "Apple",
      "Mobile Iron",
      "Facebook"
    ]
  }
]

09:28:36.996 assertion failed: path: $.[*].jobTitle[*], actual: ["Software Engg","Software Engg - Part2"], NOT expected: 'Software Engg - Part2', reason: actual value contains unexpected
09:28:37.006 karate.env system property was:  
09:28:37.014 request:
1 > POST http://localhost:9897/normal/webapi/add
1 > Accept: application/json
1 > Accept-Encoding: gzip,deflate
1 > Connection: Keep-Alive
1 > Content-Length: 246
1 > Content-Type: application/json; charset=UTF-8
1 > Host: localhost:9897
1 > User-Agent: Apache-HttpClient/4.5.12 (Java/11.0.12)
{"jobId":5,"jobTitle":"Software Engg - Part5","project":[{"technology":["Kotlin","SQL Lite","Gradle","No Sql"],"projectName":"Movie App"}],"jobDescription":"To develop andriod application","experience":["Google","Apple","Mobile Iron","Facebook"]}

09:28:37.097 response time in milliseconds: 81.83
1 < 201
1 < Cache-Control: no-cache, no-store, max-age=0, must-revalidate
1 < Connection: keep-alive
1 < Content-Type: application/json
1 < Date: Wed, 11 Aug 2021 03:58:36 GMT
1 < Expires: 0
1 < Keep-Alive: timeout=60
1 < Pragma: no-cache
1 < Transfer-Encoding: chunked
1 < X-Content-Type-Options: nosniff
1 < X-Frame-Options: DENY
1 < X-XSS-Protection: 1; mode=block
{"jobId":5,"jobTitle":"Software Engg - Part5","jobDescription":"To develop andriod application","experience":["Google","Apple","Mobile Iron","Facebook"],"project":[{"projectName":"Movie App","technology":["Kotlin","SQL Lite","Gradle","No Sql"]}]}

09:28:37.097 [print] {
  "jobId": 5,
  "jobTitle": "Software Engg - Part5",
  "project": [
    {
      "technology": [
        "Kotlin",
        "SQL Lite",
        "Gradle",
        "No Sql"
      ],
      "projectName": "Movie App"
    }
  ],
  "jobDescription": "To develop andriod application",
  "experience": [
    "Google",
    "Apple",
    "Mobile Iron",
    "Facebook"
  ]
}

09:28:37.107 request:
2 > DELETE http://localhost:9897/normal/webapi/remove/5
2 > Accept-Encoding: gzip,deflate
2 > Connection: Keep-Alive
2 > Host: localhost:9897
2 > User-Agent: Apache-HttpClient/4.5.12 (Java/11.0.12)

09:28:37.125 response time in milliseconds: 12.66
2 < 200
2 < Cache-Control: no-cache, no-store, max-age=0, must-revalidate
2 < Connection: keep-alive
2 < Content-Type: application/json
2 < Date: Wed, 11 Aug 2021 03:58:36 GMT
2 < Expires: 0
2 < Keep-Alive: timeout=60
2 < Pragma: no-cache
2 < Transfer-Encoding: chunked
2 < X-Content-Type-Options: nosniff
2 < X-Frame-Options: DENY
2 < X-XSS-Protection: 1; mode=block
{"jobId":5,"jobTitle":"Software Engg - Part5","jobDescription":"To develop andriod application","experience":["Google","Apple","Mobile Iron","Facebook"],"project":[{"projectName":"Movie App","technology":["Kotlin","SQL Lite","Gradle","No Sql"]}]}

