09:30:43.842 karate.env system property was:  
09:30:43.953 karate.env system property was:  
09:30:44.444 request:
1 > POST http://localhost:9897/normal/webapi/add
1 > Accept: application/json
1 > Accept-Encoding: gzip,deflate
1 > Connection: Keep-Alive
1 > Content-Length: 246
1 > Content-Type: application/json; charset=UTF-8
1 > Host: localhost:9897
1 > User-Agent: Apache-HttpClient/4.5.12 (Java/11.0.12)
{"jobId":2,"jobTitle":"Software Engg - Part2","project":[{"technology":["Kotlin","SQL Lite","Gradle","No Sql"],"projectName":"Movie App"}],"jobDescription":"To develop andriod application","experience":["Google","Apple","Mobile Iron","Facebook"]}

09:30:44.475 response time in milliseconds: 31.23
1 < 201
1 < Cache-Control: no-cache, no-store, max-age=0, must-revalidate
1 < Connection: keep-alive
1 < Content-Type: application/json
1 < Date: Wed, 11 Aug 2021 04:00:44 GMT
1 < Expires: 0
1 < Keep-Alive: timeout=60
1 < Pragma: no-cache
1 < Transfer-Encoding: chunked
1 < X-Content-Type-Options: nosniff
1 < X-Frame-Options: DENY
1 < X-XSS-Protection: 1; mode=block
{"jobId":2,"jobTitle":"Software Engg - Part2","jobDescription":"To develop andriod application","experience":["Google","Apple","Mobile Iron","Facebook"],"project":[{"projectName":"Movie App","technology":["Kotlin","SQL Lite","Gradle","No Sql"]}]}

09:30:44.491 karate.env system property was:  
09:30:44.507 request:
1 > GET http://localhost:9897/normal/webapi/all
1 > Accept: application/json
1 > Accept-Encoding: gzip,deflate
1 > Connection: Keep-Alive
1 > Content-Type: application/json
1 > Host: localhost:9897
1 > User-Agent: Apache-HttpClient/4.5.12 (Java/11.0.12)

09:30:44.507 response time in milliseconds: 5.03
1 < 200
1 < Cache-Control: no-cache, no-store, max-age=0, must-revalidate
1 < Connection: keep-alive
1 < Content-Type: application/json
1 < Date: Wed, 11 Aug 2021 04:00:44 GMT
1 < Expires: 0
1 < Keep-Alive: timeout=60
1 < Pragma: no-cache
1 < Transfer-Encoding: chunked
1 < X-Content-Type-Options: nosniff
1 < X-Frame-Options: DENY
1 < X-XSS-Protection: 1; mode=block
[{"jobId":1,"jobTitle":"Software Engg","jobDescription":"To develop andriod application","experience":["Google","Apple","Mobile Iron"],"project":[{"projectName":"Movie App","technology":["Kotlin","SQL Lite","Gradle"]}]},{"jobId":2,"jobTitle":"Software Engg - Part2","jobDescription":"To develop andriod application","experience":["Google","Apple","Mobile Iron","Facebook"],"project":[{"projectName":"Movie App","technology":["Kotlin","SQL Lite","Gradle","No Sql"]}]},{"jobId":800,"jobTitle":"Software Engg - Part2","jobDescription":"To develop andriod application","experience":["Google","Apple","Mobile Iron","Facebook"],"project":[{"projectName":"Movie App","technology":["Kotlin","SQL Lite","Gradle","No Sql"]}]}]

09:30:44.507 [print] [
  {
    "jobId": 1,
    "jobTitle": "Software Engg",
    "project": [
      {
        "technology": [
          "Kotlin",
          "SQL Lite",
          "Gradle"
        ],
        "projectName": "Movie App"
      }
    ],
    "jobDescription": "To develop andriod application",
    "experience": [
      "Google",
      "Apple",
      "Mobile Iron"
    ]
  },
  {
    "jobId": 2,
    "jobTitle": "Software Engg - Part2",
    "project": [
      {
        "technology": [
          "Kotlin",
          "SQL Lite",
          "Gradle",
          "No Sql"
        ],
        "projectName": "Movie App"
      }
    ],
    "jobDescription": "To develop andriod application",
    "experience": [
      "Google",
      "Apple",
      "Mobile Iron",
      "Facebook"
    ]
  },
  {
    "jobId": 800,
    "jobTitle": "Software Engg - Part2",
    "project": [
      {
        "technology": [
          "Kotlin",
          "SQL Lite",
          "Gradle",
          "No Sql"
        ],
        "projectName": "Movie App"
      }
    ],
    "jobDescription": "To develop andriod application",
    "experience": [
      "Google",
      "Apple",
      "Mobile Iron",
      "Facebook"
    ]
  }
]

09:30:44.522 karate.env system property was:  
09:30:44.560 request:
1 > POST http://localhost:9897/normal/webapi/add
1 > Accept: application/json
1 > Accept-Encoding: gzip,deflate
1 > Connection: Keep-Alive
1 > Content-Length: 246
1 > Content-Type: application/json; charset=UTF-8
1 > Host: localhost:9897
1 > User-Agent: Apache-HttpClient/4.5.12 (Java/11.0.12)
{"jobId":2,"jobTitle":"Software Engg - Part2","project":[{"technology":["Kotlin","SQL Lite","Gradle","No Sql"],"projectName":"Movie App"}],"jobDescription":"To develop andriod application","experience":["Google","Apple","Mobile Iron","Facebook"]}

09:30:44.638 response time in milliseconds: 65.55
1 < 201
1 < Cache-Control: no-cache, no-store, max-age=0, must-revalidate
1 < Connection: keep-alive
1 < Content-Type: application/json
1 < Date: Wed, 11 Aug 2021 04:00:44 GMT
1 < Expires: 0
1 < Keep-Alive: timeout=60
1 < Pragma: no-cache
1 < Transfer-Encoding: chunked
1 < X-Content-Type-Options: nosniff
1 < X-Frame-Options: DENY
1 < X-XSS-Protection: 1; mode=block
{"jobId":2,"jobTitle":"Software Engg - Part2","jobDescription":"To develop andriod application","experience":["Google","Apple","Mobile Iron","Facebook"],"project":[{"projectName":"Movie App","technology":["Kotlin","SQL Lite","Gradle","No Sql"]}]}

09:30:44.657 request:
1 > DELETE http://localhost:9897/normal/webapi/remove/2
1 > Accept: application/json
1 > Accept-Encoding: gzip,deflate
1 > Connection: Keep-Alive
1 > Content-Type: application/json
1 > Host: localhost:9897
1 > User-Agent: Apache-HttpClient/4.5.12 (Java/11.0.12)

09:30:44.717 response time in milliseconds: 65.23
1 < 200
1 < Cache-Control: no-cache, no-store, max-age=0, must-revalidate
1 < Connection: keep-alive
1 < Content-Type: application/json
1 < Date: Wed, 11 Aug 2021 04:00:44 GMT
1 < Expires: 0
1 < Keep-Alive: timeout=60
1 < Pragma: no-cache
1 < Transfer-Encoding: chunked
1 < X-Content-Type-Options: nosniff
1 < X-Frame-Options: DENY
1 < X-XSS-Protection: 1; mode=block
{"jobId":2,"jobTitle":"Software Engg - Part2","jobDescription":"To develop andriod application","experience":["Google","Apple","Mobile Iron","Facebook"],"project":[{"projectName":"Movie App","technology":["Kotlin","SQL Lite","Gradle","No Sql"]}]}

09:30:44.748 karate.env system property was:  
09:30:44.748 [print] =================Background step should execute first==================
09:30:44.748 request:
1 > GET http://localhost:9897/normal/webapi/all
1 > Accept-Encoding: gzip,deflate
1 > Connection: Keep-Alive
1 > Host: localhost:9897
1 > User-Agent: Apache-HttpClient/4.5.12 (Java/11.0.12)

09:30:44.768 response time in milliseconds: 17.25
1 < 200
1 < Cache-Control: no-cache, no-store, max-age=0, must-revalidate
1 < Connection: keep-alive
1 < Content-Type: application/json
1 < Date: Wed, 11 Aug 2021 04:00:44 GMT
1 < Expires: 0
1 < Keep-Alive: timeout=60
1 < Pragma: no-cache
1 < Transfer-Encoding: chunked
1 < X-Content-Type-Options: nosniff
1 < X-Frame-Options: DENY
1 < X-XSS-Protection: 1; mode=block
[{"jobId":1,"jobTitle":"Software Engg","jobDescription":"To develop andriod application","experience":["Google","Apple","Mobile Iron"],"project":[{"projectName":"Movie App","technology":["Kotlin","SQL Lite","Gradle"]}]},{"jobId":800,"jobTitle":"Software Engg - Part2","jobDescription":"To develop andriod application","experience":["Google","Apple","Mobile Iron","Facebook"],"project":[{"projectName":"Movie App","technology":["Kotlin","SQL Lite","Gradle","No Sql"]}]}]

09:30:44.768 karate.env system property was:  
09:30:44.776 [print] =================Background step should execute first==================
09:30:44.778 request:
1 > GET http://localhost:9897/normal/webapi/all
1 > Accept: application/json
1 > Accept-Encoding: gzip,deflate
1 > Connection: Keep-Alive
1 > Host: localhost:9897
1 > User-Agent: Apache-HttpClient/4.5.12 (Java/11.0.12)

09:30:44.829 response time in milliseconds: 47.20
1 < 200
1 < Cache-Control: no-cache, no-store, max-age=0, must-revalidate
1 < Connection: keep-alive
1 < Content-Type: application/json
1 < Date: Wed, 11 Aug 2021 04:00:44 GMT
1 < Expires: 0
1 < Keep-Alive: timeout=60
1 < Pragma: no-cache
1 < Transfer-Encoding: chunked
1 < X-Content-Type-Options: nosniff
1 < X-Frame-Options: DENY
1 < X-XSS-Protection: 1; mode=block
[{"jobId":1,"jobTitle":"Software Engg","jobDescription":"To develop andriod application","experience":["Google","Apple","Mobile Iron"],"project":[{"projectName":"Movie App","technology":["Kotlin","SQL Lite","Gradle"]}]},{"jobId":800,"jobTitle":"Software Engg - Part2","jobDescription":"To develop andriod application","experience":["Google","Apple","Mobile Iron","Facebook"],"project":[{"projectName":"Movie App","technology":["Kotlin","SQL Lite","Gradle","No Sql"]}]}]

09:30:44.867 [print] Expected Response is ::  [
  {
    "jobId": 1,
    "jobTitle": "Software Engg",
    "project": [
      {
        "technology": [
          "Kotlin",
          "SQL Lite",
          "Gradle"
        ],
        "projectName": "Movie App"
      }
    ],
    "jobDescription": "To develop andriod application",
    "experience": [
      "Google",
      "Apple",
      "Mobile Iron"
    ]
  }
]

09:30:44.869 assertion failed: path: $, actual: [{"jobId":1,"jobTitle":"Software Engg","project":[{"technology":["Kotlin","SQL Lite","Gradle"],"projectName":"Movie App"}],"jobDescription":"To develop andriod application","experience":["Google","Apple","Mobile Iron"]},{"jobId":800,"jobTitle":"Software Engg - Part2","project":[{"technology":["Kotlin","SQL Lite","Gradle","No Sql"],"projectName":"Movie App"}],"jobDescription":"To develop andriod application","experience":["Google","Apple","Mobile Iron","Facebook"]}], expected: [{"jobId":1,"jobTitle":"Software Engg","project":[{"technology":["Kotlin","SQL Lite","Gradle"],"projectName":"Movie App"}],"jobDescription":"To develop andriod application","experience":["Google","Apple","Mobile Iron"]}], reason: actual and expected arrays are not the same size - 2:1
09:30:44.887 karate.env system property was:  
09:30:44.899 [print] App name from background is ::  Google
09:30:44.920 [print] Final sum is 30.0
09:30:44.940 karate.env system property was:  
09:30:45.000 request:
1 > POST http://localhost:9897/normal/webapi/add
1 > Accept: application/json
1 > Accept-Encoding: gzip,deflate
1 > Connection: Keep-Alive
1 > Content-Length: 246
1 > Content-Type: application/json; charset=UTF-8
1 > Host: localhost:9897
1 > User-Agent: Apache-HttpClient/4.5.12 (Java/11.0.12)
{"jobId":5,"jobTitle":"Software Engg - Part2","project":[{"technology":["Kotlin","SQL Lite","Gradle","No Sql"],"projectName":"Movie App"}],"jobDescription":"To develop andriod application","experience":["Google","Apple","Mobile Iron","Facebook"]}

09:30:45.081 response time in milliseconds: 86.26
1 < 201
1 < Cache-Control: no-cache, no-store, max-age=0, must-revalidate
1 < Connection: keep-alive
1 < Content-Type: application/json
1 < Date: Wed, 11 Aug 2021 04:00:44 GMT
1 < Expires: 0
1 < Keep-Alive: timeout=60
1 < Pragma: no-cache
1 < Transfer-Encoding: chunked
1 < X-Content-Type-Options: nosniff
1 < X-Frame-Options: DENY
1 < X-XSS-Protection: 1; mode=block
{"jobId":5,"jobTitle":"Software Engg - Part2","jobDescription":"To develop andriod application","experience":["Google","Apple","Mobile Iron","Facebook"],"project":[{"projectName":"Movie App","technology":["Kotlin","SQL Lite","Gradle","No Sql"]}]}

09:30:45.081 [print] {
  "jobId": 5,
  "jobTitle": "Software Engg - Part2",
  "project": [
    {
      "technology": [
        "Kotlin",
        "SQL Lite",
        "Gradle",
        "No Sql"
      ],
      "projectName": "Movie App"
    }
  ],
  "jobDescription": "To develop andriod application",
  "experience": [
    "Google",
    "Apple",
    "Mobile Iron",
    "Facebook"
  ]
}

09:30:45.142 request:
1 > DELETE http://localhost:9897/normal/webapi/remove/5
1 > Accept: application/json
1 > Accept-Encoding: gzip,deflate
1 > Connection: Keep-Alive
1 > Content-Type: application/json
1 > Host: localhost:9897
1 > User-Agent: Apache-HttpClient/4.5.12 (Java/11.0.12)

09:30:45.190 response time in milliseconds: 41.70
1 < 404
1 < Cache-Control: no-cache, no-store, max-age=0, must-revalidate
1 < Connection: keep-alive
1 < Content-Type: application/json
1 < Date: Wed, 11 Aug 2021 04:00:44 GMT
1 < Expires: 0
1 < Keep-Alive: timeout=60
1 < Pragma: no-cache
1 < Transfer-Encoding: chunked
1 < X-Content-Type-Options: nosniff
1 < X-Frame-Options: DENY
1 < X-XSS-Protection: 1; mode=block
{"message":"Entry with id = 5 not found"}

09:30:45.190 status code was: 404, expected: 200, response time: 42, url: http://localhost:9897/normal/webapi/remove/5, response: {"message":"Entry with id = 5 not found"}
09:30:45.200 karate.env system property was:  
09:30:45.202 request:
1 > POST http://localhost:9897/normal/webapi/add
1 > Accept: application/json
1 > Accept-Encoding: gzip,deflate
1 > Connection: Keep-Alive
1 > Content-Length: 246
1 > Content-Type: application/json; charset=UTF-8
1 > Host: localhost:9897
1 > User-Agent: Apache-HttpClient/4.5.12 (Java/11.0.12)
{"jobId":6,"jobTitle":"Software Engg - Part6","project":[{"technology":["Kotlin","SQL Lite","Gradle","No Sql"],"projectName":"Movie App"}],"jobDescription":"To develop andriod application","experience":["Google","Apple","Mobile Iron","Facebook"]}

09:30:45.223 response time in milliseconds: 23.17
1 < 201
1 < Cache-Control: no-cache, no-store, max-age=0, must-revalidate
1 < Connection: keep-alive
1 < Content-Type: application/json
1 < Date: Wed, 11 Aug 2021 04:00:44 GMT
1 < Expires: 0
1 < Keep-Alive: timeout=60
1 < Pragma: no-cache
1 < Transfer-Encoding: chunked
1 < X-Content-Type-Options: nosniff
1 < X-Frame-Options: DENY
1 < X-XSS-Protection: 1; mode=block
{"jobId":6,"jobTitle":"Software Engg - Part6","jobDescription":"To develop andriod application","experience":["Google","Apple","Mobile Iron","Facebook"],"project":[{"projectName":"Movie App","technology":["Kotlin","SQL Lite","Gradle","No Sql"]}]}

09:30:45.223 [print] {
  "jobId": 6,
  "jobTitle": "Software Engg - Part6",
  "project": [
    {
      "technology": [
        "Kotlin",
        "SQL Lite",
        "Gradle",
        "No Sql"
      ],
      "projectName": "Movie App"
    }
  ],
  "jobDescription": "To develop andriod application",
  "experience": [
    "Google",
    "Apple",
    "Mobile Iron",
    "Facebook"
  ]
}

09:30:45.233 request:
2 > DELETE http://localhost:9897/normal/webapi/remove/6
2 > Accept-Encoding: gzip,deflate
2 > Connection: Keep-Alive
2 > Host: localhost:9897
2 > User-Agent: Apache-HttpClient/4.5.12 (Java/11.0.12)

09:30:45.261 response time in milliseconds: 21.81
2 < 200
2 < Cache-Control: no-cache, no-store, max-age=0, must-revalidate
2 < Connection: keep-alive
2 < Content-Type: application/json
2 < Date: Wed, 11 Aug 2021 04:00:44 GMT
2 < Expires: 0
2 < Keep-Alive: timeout=60
2 < Pragma: no-cache
2 < Transfer-Encoding: chunked
2 < X-Content-Type-Options: nosniff
2 < X-Frame-Options: DENY
2 < X-XSS-Protection: 1; mode=block
{"jobId":6,"jobTitle":"Software Engg - Part6","jobDescription":"To develop andriod application","experience":["Google","Apple","Mobile Iron","Facebook"],"project":[{"projectName":"Movie App","technology":["Kotlin","SQL Lite","Gradle","No Sql"]}]}

09:30:45.263 karate.env system property was:  
09:30:45.283 request:
1 > POST http://localhost:9897/normal/webapi/add
1 > Accept: application/json
1 > Accept-Encoding: gzip,deflate
1 > Connection: Keep-Alive
1 > Content-Length: 248
1 > Content-Type: application/json; charset=UTF-8
1 > Host: localhost:9897
1 > User-Agent: Apache-HttpClient/4.5.12 (Java/11.0.12)
{"jobId":800,"jobTitle":"Software Engg - Part2","project":[{"technology":["Kotlin","SQL Lite","Gradle","No Sql"],"projectName":"Movie App"}],"jobDescription":"To develop andriod application","experience":["Google","Apple","Mobile Iron","Facebook"]}

09:30:45.313 response time in milliseconds: 34.15
1 < 201
1 < Cache-Control: no-cache, no-store, max-age=0, must-revalidate
1 < Connection: keep-alive
1 < Content-Type: application/json
1 < Date: Wed, 11 Aug 2021 04:00:44 GMT
1 < Expires: 0
1 < Keep-Alive: timeout=60
1 < Pragma: no-cache
1 < Transfer-Encoding: chunked
1 < X-Content-Type-Options: nosniff
1 < X-Frame-Options: DENY
1 < X-XSS-Protection: 1; mode=block
{"jobId":800,"jobTitle":"Software Engg - Part2","jobDescription":"To develop andriod application","experience":["Google","Apple","Mobile Iron","Facebook"],"project":[{"projectName":"Movie App","technology":["Kotlin","SQL Lite","Gradle","No Sql"]}]}

09:30:45.313 request:
1 > PUT http://localhost:9897/normal/webapi/update
1 > Accept: application/json
1 > Accept-Encoding: gzip,deflate
1 > Connection: Keep-Alive
1 > Content-Length: 332
1 > Content-Type: application/json; charset=UTF-8
1 > Host: localhost:9897
1 > User-Agent: Apache-HttpClient/4.5.12 (Java/11.0.12)
{"jobId":800,"jobTitle":"Software Engg - Part2","jobDescription":"To develop andriod application and web application","experience":["Google","Apple","Mobile Iron","Facebook"],"project":[{"projectName":"Movie App","technology":["Kotlin","SQL Lite","Gradle","No Sql"]},{"projectName":"Web App","technology":["Selenium","UFT","RPA"]}]}

09:30:45.334 response time in milliseconds: 14.51
1 < 200
1 < Cache-Control: no-cache, no-store, max-age=0, must-revalidate
1 < Connection: keep-alive
1 < Content-Type: application/json
1 < Date: Wed, 11 Aug 2021 04:00:44 GMT
1 < Expires: 0
1 < Keep-Alive: timeout=60
1 < Pragma: no-cache
1 < Transfer-Encoding: chunked
1 < X-Content-Type-Options: nosniff
1 < X-Frame-Options: DENY
1 < X-XSS-Protection: 1; mode=block
{"jobId":800,"jobTitle":"Software Engg - Part2","jobDescription":"To develop andriod application and web application","experience":["Google","Apple","Mobile Iron","Facebook"],"project":[{"projectName":"Movie App","technology":["Kotlin","SQL Lite","Gradle","No Sql"]},{"projectName":"Web App","technology":["Selenium","UFT","RPA"]}]}

09:30:45.334 request:
2 > DELETE http://localhost:9897/normal/webapi/remove/800
2 > Accept-Encoding: gzip,deflate
2 > Connection: Keep-Alive
2 > Host: localhost:9897
2 > User-Agent: Apache-HttpClient/4.5.12 (Java/11.0.12)

09:30:45.374 response time in milliseconds: 35.97
2 < 200
2 < Cache-Control: no-cache, no-store, max-age=0, must-revalidate
2 < Connection: keep-alive
2 < Content-Type: application/json
2 < Date: Wed, 11 Aug 2021 04:00:44 GMT
2 < Expires: 0
2 < Keep-Alive: timeout=60
2 < Pragma: no-cache
2 < Transfer-Encoding: chunked
2 < X-Content-Type-Options: nosniff
2 < X-Frame-Options: DENY
2 < X-XSS-Protection: 1; mode=block
{"jobId":800,"jobTitle":"Software Engg - Part2","jobDescription":"To develop andriod application and web application","experience":["Google","Apple","Mobile Iron","Facebook"],"project":[{"projectName":"Movie App","technology":["Kotlin","SQL Lite","Gradle","No Sql"]},{"projectName":"Web App","technology":["Selenium","UFT","RPA"]}]}

09:30:45.384 karate.env system property was:  
09:30:45.433 [print]  url ::  http://localhost:9897
09:30:45.435 [print]  path ::  /normal/webapi/add
09:30:45.445 [print]  id ::  26
09:30:45.455 request:
1 > POST http://localhost:9897/normal/webapi/add
1 > Accept: application/json
1 > Accept-Encoding: gzip,deflate
1 > Connection: Keep-Alive
1 > Content-Length: 247
1 > Content-Type: application/json; charset=UTF-8
1 > Host: localhost:9897
1 > User-Agent: Apache-HttpClient/4.5.12 (Java/11.0.12)
{"jobId":26,"jobTitle":"Software Engg - Part2","project":[{"technology":["Kotlin","SQL Lite","Gradle","No Sql"],"projectName":"Movie App"}],"jobDescription":"To develop andriod application","experience":["Google","Apple","Mobile Iron","Facebook"]}

09:30:45.496 response time in milliseconds: 46.47
1 < 201
1 < Cache-Control: no-cache, no-store, max-age=0, must-revalidate
1 < Connection: keep-alive
1 < Content-Type: application/json
1 < Date: Wed, 11 Aug 2021 04:00:45 GMT
1 < Expires: 0
1 < Keep-Alive: timeout=60
1 < Pragma: no-cache
1 < Transfer-Encoding: chunked
1 < X-Content-Type-Options: nosniff
1 < X-Frame-Options: DENY
1 < X-XSS-Protection: 1; mode=block
{"jobId":26,"jobTitle":"Software Engg - Part2","jobDescription":"To develop andriod application","experience":["Google","Apple","Mobile Iron","Facebook"],"project":[{"projectName":"Movie App","technology":["Kotlin","SQL Lite","Gradle","No Sql"]}]}

09:30:45.506 request:
1 > PUT http://localhost:9897/normal/webapi/update
1 > Accept: application/json
1 > Accept-Encoding: gzip,deflate
1 > Connection: Keep-Alive
1 > Content-Length: 331
1 > Content-Type: application/json; charset=UTF-8
1 > Host: localhost:9897
1 > User-Agent: Apache-HttpClient/4.5.12 (Java/11.0.12)
{"jobId":26,"jobTitle":"Software Engg - Part2","jobDescription":"To develop andriod application and web application","experience":["Google","Apple","Mobile Iron","Facebook"],"project":[{"projectName":"Movie App","technology":["Kotlin","SQL Lite","Gradle","No Sql"]},{"projectName":"Web App","technology":["Selenium","UFT","RPA"]}]}

09:30:45.637 response time in milliseconds: 130.23
1 < 200
1 < Cache-Control: no-cache, no-store, max-age=0, must-revalidate
1 < Connection: keep-alive
1 < Content-Type: application/json
1 < Date: Wed, 11 Aug 2021 04:00:45 GMT
1 < Expires: 0
1 < Keep-Alive: timeout=60
1 < Pragma: no-cache
1 < Transfer-Encoding: chunked
1 < X-Content-Type-Options: nosniff
1 < X-Frame-Options: DENY
1 < X-XSS-Protection: 1; mode=block
{"jobId":26,"jobTitle":"Software Engg - Part2","jobDescription":"To develop andriod application and web application","experience":["Google","Apple","Mobile Iron","Facebook"],"project":[{"projectName":"Movie App","technology":["Kotlin","SQL Lite","Gradle","No Sql"]},{"projectName":"Web App","technology":["Selenium","UFT","RPA"]}]}

09:30:45.645 request:
2 > DELETE http://localhost:9897/normal/webapi/remove/26
2 > Accept-Encoding: gzip,deflate
2 > Connection: Keep-Alive
2 > Host: localhost:9897
2 > User-Agent: Apache-HttpClient/4.5.12 (Java/11.0.12)

09:30:45.688 response time in milliseconds: 43.07
2 < 200
2 < Cache-Control: no-cache, no-store, max-age=0, must-revalidate
2 < Connection: keep-alive
2 < Content-Type: application/json
2 < Date: Wed, 11 Aug 2021 04:00:45 GMT
2 < Expires: 0
2 < Keep-Alive: timeout=60
2 < Pragma: no-cache
2 < Transfer-Encoding: chunked
2 < X-Content-Type-Options: nosniff
2 < X-Frame-Options: DENY
2 < X-XSS-Protection: 1; mode=block
{"jobId":26,"jobTitle":"Software Engg - Part2","jobDescription":"To develop andriod application and web application","experience":["Google","Apple","Mobile Iron","Facebook"],"project":[{"projectName":"Movie App","technology":["Kotlin","SQL Lite","Gradle","No Sql"]},{"projectName":"Web App","technology":["Selenium","UFT","RPA"]}]}

09:30:45.688 karate.env system property was:  
09:30:45.696 request:
1 > POST http://localhost:9897/normal/webapi/add
1 > Accept: application/json
1 > Accept-Encoding: gzip,deflate
1 > Connection: Keep-Alive
1 > Content-Length: 246
1 > Content-Type: application/json; charset=UTF-8
1 > Host: localhost:9897
1 > User-Agent: Apache-HttpClient/4.5.12 (Java/11.0.12)
{"jobId":6,"jobTitle":"Software Engg - Part6","project":[{"technology":["Kotlin","SQL Lite","Gradle","No Sql"],"projectName":"Movie App"}],"jobDescription":"To develop andriod application","experience":["Google","Apple","Mobile Iron","Facebook"]}

09:30:45.728 response time in milliseconds: 35.05
1 < 201
1 < Cache-Control: no-cache, no-store, max-age=0, must-revalidate
1 < Connection: keep-alive
1 < Content-Type: application/json
1 < Date: Wed, 11 Aug 2021 04:00:45 GMT
1 < Expires: 0
1 < Keep-Alive: timeout=60
1 < Pragma: no-cache
1 < Transfer-Encoding: chunked
1 < X-Content-Type-Options: nosniff
1 < X-Frame-Options: DENY
1 < X-XSS-Protection: 1; mode=block
{"jobId":6,"jobTitle":"Software Engg - Part6","jobDescription":"To develop andriod application","experience":["Google","Apple","Mobile Iron","Facebook"],"project":[{"projectName":"Movie App","technology":["Kotlin","SQL Lite","Gradle","No Sql"]}]}

09:30:45.728 [print] {
  "jobId": 6,
  "jobTitle": "Software Engg - Part6",
  "project": [
    {
      "technology": [
        "Kotlin",
        "SQL Lite",
        "Gradle",
        "No Sql"
      ],
      "projectName": "Movie App"
    }
  ],
  "jobDescription": "To develop andriod application",
  "experience": [
    "Google",
    "Apple",
    "Mobile Iron",
    "Facebook"
  ]
}

09:30:45.748 request:
2 > DELETE http://localhost:9897/normal/webapi/remove/6
2 > Accept-Encoding: gzip,deflate
2 > Connection: Keep-Alive
2 > Host: localhost:9897
2 > User-Agent: Apache-HttpClient/4.5.12 (Java/11.0.12)

09:30:45.758 response time in milliseconds: 10.01
2 < 200
2 < Cache-Control: no-cache, no-store, max-age=0, must-revalidate
2 < Connection: keep-alive
2 < Content-Type: application/json
2 < Date: Wed, 11 Aug 2021 04:00:45 GMT
2 < Expires: 0
2 < Keep-Alive: timeout=60
2 < Pragma: no-cache
2 < Transfer-Encoding: chunked
2 < X-Content-Type-Options: nosniff
2 < X-Frame-Options: DENY
2 < X-XSS-Protection: 1; mode=block
{"jobId":6,"jobTitle":"Software Engg - Part6","jobDescription":"To develop andriod application","experience":["Google","Apple","Mobile Iron","Facebook"],"project":[{"projectName":"Movie App","technology":["Kotlin","SQL Lite","Gradle","No Sql"]}]}

nection: Keep-Alive
2 > Host: localhost:9897
2 > User-Agent: Apache-HttpClient/4.5.12 (Java/11.0.12)

09:28:37.067 response time in milliseconds: 7.13
2 < 200
2 < Cache-Control: no-cache, no-store, max-age=0, must-revalidate
2 < Connection: keep-alive
2 < Content-Type: application/json
2 < Date: Wed, 11 Aug 2021 03:58:36 GMT
2 < Expires: 0
2 < Keep-Alive: timeout=60
2 < Pragma: no-cache
2 < Transfer-Encoding: chunked
2 < X-Content-Type-Options: nosniff
2 < X-Frame-Options: DENY
2 < X-XSS-Protection: 1; mode=block
{"jobId":4,"jobTitle":"Software Engg - Part4","jobDescription":"To develop andriod application","experience":["Google","Apple","Mobile Iron","Facebook"],"project":[{"projectName":"Movie App","technology":["Kotlin","SQL Lite","Gradle","No Sql"]}]}

