09:30:43.852 karate.env system property was:  
09:30:43.933 [print] =================Background step should execute first==================
09:30:44.444 request:
1 > GET http://localhost:9897/normal/webapi/all
1 > Accept: application/xml
1 > Accept-Encoding: gzip,deflate
1 > Connection: Keep-Alive
1 > Host: localhost:9897
1 > User-Agent: Apache-HttpClient/4.5.12 (Java/11.0.12)

09:30:44.475 response time in milliseconds: 29.74
1 < 200
1 < Cache-Control: no-cache, no-store, max-age=0, must-revalidate
1 < Connection: keep-alive
1 < Content-Type: application/xml
1 < Date: Wed, 11 Aug 2021 04:00:44 GMT
1 < Expires: 0
1 < Keep-Alive: timeout=60
1 < Pragma: no-cache
1 < Transfer-Encoding: chunked
1 < X-Content-Type-Options: nosniff
1 < X-Frame-Options: DENY
1 < X-XSS-Protection: 1; mode=block
<List><item><jobId>1</jobId><jobTitle>Software Engg</jobTitle><jobDescription>To develop andriod application</jobDescription><experience><experience>Google</experience><experience>Apple</experience><experience>Mobile Iron</experience></experience><project><project><projectName>Movie App</projectName><technology><technology>Kotlin</technology><technology>SQL Lite</technology><technology>Gradle</technology></technology></project></project></item><item><jobId>2</jobId><jobTitle>Software Engg - Part2</jobTitle><jobDescription>To develop andriod application</jobDescription><experience><experience>Google</experience><experience>Apple</experience><experience>Mobile Iron</experience><experience>Facebook</experience></experience><project><project><projectName>Movie App</projectName><technology><technology>Kotlin</technology><technology>SQL Lite</technology><technology>Gradle</technology><technology>No Sql</technology></technology></project></project></item></List>

09:30:44.475 [print] <List>
  <item>
    <jobId>1</jobId>
    <jobTitle>Software Engg</jobTitle>
    <jobDescription>To develop andriod application</jobDescription>
    <experience>
      <experience>Google</experience>
      <experience>Apple</experience>
      <experience>Mobile Iron</experience>
    </experience>
    <project>
      <project>
        <projectName>Movie App</projectName>
        <technology>
          <technology>Kotlin</technology>
          <technology>SQL Lite</technology>
          <technology>Gradle</technology>
        </technology>
      </project>
    </project>
  </item>
  <item>
    <jobId>2</jobId>
    <jobTitle>Software Engg - Part2</jobTitle>
    <jobDescription>To develop andriod application</jobDescription>
    <experience>
      <experience>Google</experience>
      <experience>Apple</experience>
      <experience>Mobile Iron</experience>
      <experience>Facebook</experience>
    </experience>
    <project>
      <project>
        <projectName>Movie App</projectName>
        <technology>
          <technology>Kotlin</technology>
          <technology>SQL Lite</technology>
          <technology>Gradle</technology>
          <technology>No Sql</technology>
        </technology>
      </project>
    </project>
  </item>
</List>

09:30:44.538 assertion failed: path: /List/item/experience/experience, actual: '["Google","Apple","Mobile Iron","Google","Apple","Mobile Iron","Facebook"]', expected: '#array', reason: not an array or list
09:30:44.544 karate.env system property was:  
09:30:44.544 [print] =================Background step should execute first==================
09:30:44.544 request:
1 > GET http://localhost:9897/normal/webapi/all
1 > Accept: application/json
1 > Accept-Encoding: gzip,deflate
1 > Connection: Keep-Alive
1 > Host: localhost:9897
1 > User-Agent: Apache-HttpClient/4.5.12 (Java/11.0.12)

09:30:44.591 response time in milliseconds: 16.00
1 < 200
1 < Cache-Control: no-cache, no-store, max-age=0, must-revalidate
1 < Connection: keep-alive
1 < Content-Type: application/json
1 < Date: Wed, 11 Aug 2021 04:00:44 GMT
1 < Expires: 0
1 < Keep-Alive: timeout=60
1 < Pragma: no-cache
1 < Transfer-Encoding: chunked
1 < X-Content-Type-Options: nosniff
1 < X-Frame-Options: DENY
1 < X-XSS-Protection: 1; mode=block
[{"jobId":1,"jobTitle":"Software Engg","jobDescription":"To develop andriod application","experience":["Google","Apple","Mobile Iron"],"project":[{"projectName":"Movie App","technology":["Kotlin","SQL Lite","Gradle"]}]},{"jobId":2,"jobTitle":"Software Engg - Part2","jobDescription":"To develop andriod application","experience":["Google","Apple","Mobile Iron","Facebook"],"project":[{"projectName":"Movie App","technology":["Kotlin","SQL Lite","Gradle","No Sql"]}]},{"jobId":800,"jobTitle":"Software Engg - Part2","jobDescription":"To develop andriod application","experience":["Google","Apple","Mobile Iron","Facebook"],"project":[{"projectName":"Movie App","technology":["Kotlin","SQL Lite","Gradle","No Sql"]}]}]

09:30:44.591 [print] [
  {
    "jobId": 1,
    "jobTitle": "Software Engg",
    "project": [
      {
        "technology": [
          "Kotlin",
          "SQL Lite",
          "Gradle"
        ],
        "projectName": "Movie App"
      }
    ],
    "jobDescription": "To develop andriod application",
    "experience": [
      "Google",
      "Apple",
      "Mobile Iron"
    ]
  },
  {
    "jobId": 2,
    "jobTitle": "Software Engg - Part2",
    "project": [
      {
        "technology": [
          "Kotlin",
          "SQL Lite",
          "Gradle",
          "No Sql"
        ],
        "projectName": "Movie App"
      }
    ],
    "jobDescription": "To develop andriod application",
    "experience": [
      "Google",
      "Apple",
      "Mobile Iron",
      "Facebook"
    ]
  },
  {
    "jobId": 800,
    "jobTitle": "Software Engg - Part2",
    "project": [
      {
        "technology": [
          "Kotlin",
          "SQL Lite",
          "Gradle",
          "No Sql"
        ],
        "projectName": "Movie App"
      }
    ],
    "jobDescription": "To develop andriod application",
    "experience": [
      "Google",
      "Apple",
      "Mobile Iron",
      "Facebook"
    ]
  }
]

09:30:44.591 assertion failed: path: $, actual: [{"jobId":1,"jobTitle":"Software Engg","project":[{"technology":["Kotlin","SQL Lite","Gradle"],"projectName":"Movie App"}],"jobDescription":"To develop andriod application","experience":["Google","Apple","Mobile Iron"]},{"jobId":2,"jobTitle":"Software Engg - Part2","project":[{"technology":["Kotlin","SQL Lite","Gradle","No Sql"],"projectName":"Movie App"}],"jobDescription":"To develop andriod application","experience":["Google","Apple","Mobile Iron","Facebook"]},{"jobId":800,"jobTitle":"Software Engg - Part2","project":[{"technology":["Kotlin","SQL Lite","Gradle","No Sql"],"projectName":"Movie App"}],"jobDescription":"To develop andriod application","experience":["Google","Apple","Mobile Iron","Facebook"]}], expected: [{"jobId":1,"jobTitle":"Software Engg","project":[{"technology":["Kotlin","SQL Lite","Gradle"],"projectName":"Movie App"}],"jobDescription":"To develop andriod application","experience":["Google","Apple","Mobile Iron"]}], reason: actual and expected arrays are not the same size - 3:1
09:30:44.591 karate.env system property was:  
09:30:44.607 [print] =================Background step should execute first==================
09:30:44.623 request:
1 > GET http://localhost:9897/normal/webapi/all
1 > Accept: application/json
1 > Accept-Encoding: gzip,deflate
1 > Connection: Keep-Alive
1 > Host: localhost:9897
1 > User-Agent: Apache-HttpClient/4.5.12 (Java/11.0.12)

09:30:44.638 response time in milliseconds: 8.63
1 < 200
1 < Cache-Control: no-cache, no-store, max-age=0, must-revalidate
1 < Connection: keep-alive
1 < Content-Type: application/json
1 < Date: Wed, 11 Aug 2021 04:00:44 GMT
1 < Expires: 0
1 < Keep-Alive: timeout=60
1 < Pragma: no-cache
1 < Transfer-Encoding: chunked
1 < X-Content-Type-Options: nosniff
1 < X-Frame-Options: DENY
1 < X-XSS-Protection: 1; mode=block
[{"jobId":1,"jobTitle":"Software Engg","jobDescription":"To develop andriod application","experience":["Google","Apple","Mobile Iron"],"project":[{"projectName":"Movie App","technology":["Kotlin","SQL Lite","Gradle"]}]},{"jobId":2,"jobTitle":"Software Engg - Part2","jobDescription":"To develop andriod application","experience":["Google","Apple","Mobile Iron","Facebook"],"project":[{"projectName":"Movie App","technology":["Kotlin","SQL Lite","Gradle","No Sql"]}]},{"jobId":800,"jobTitle":"Software Engg - Part2","jobDescription":"To develop andriod application","experience":["Google","Apple","Mobile Iron","Facebook"],"project":[{"projectName":"Movie App","technology":["Kotlin","SQL Lite","Gradle","No Sql"]}]},{"jobId":2,"jobTitle":"Software Engg - Part2","jobDescription":"To develop andriod application","experience":["Google","Apple","Mobile Iron","Facebook"],"project":[{"projectName":"Movie App","technology":["Kotlin","SQL Lite","Gradle","No Sql"]}]},{"jobId":2,"jobTitle":"Software Engg - Part2","jobDescription":"To develop andriod application","experience":["Google","Apple","Mobile Iron","Facebook"],"project":[{"projectName":"Movie App","technology":["Kotlin","SQL Lite","Gradle","No Sql"]}]}]

09:30:44.638 [print] [
  {
    "jobId": 1,
    "jobTitle": "Software Engg",
    "project": [
      {
        "technology": [
          "Kotlin",
          "SQL Lite",
          "Gradle"
        ],
        "projectName": "Movie App"
      }
    ],
    "jobDescription": "To develop andriod application",
    "experience": [
      "Google",
      "Apple",
      "Mobile Iron"
    ]
  },
  {
    "jobId": 2,
    "jobTitle": "Software Engg - Part2",
    "project": [
      {
        "technology": [
          "Kotlin",
          "SQL Lite",
          "Gradle",
          "No Sql"
        ],
        "projectName": "Movie App"
      }
    ],
    "jobDescription": "To develop andriod application",
    "experience": [
      "Google",
      "Apple",
      "Mobile Iron",
      "Facebook"
    ]
  },
  {
    "jobId": 800,
    "jobTitle": "Software Engg - Part2",
    "project": [
      {
        "technology": [
          "Kotlin",
          "SQL Lite",
          "Gradle",
          "No Sql"
        ],
        "projectName": "Movie App"
      }
    ],
    "jobDescription": "To develop andriod application",
    "experience": [
      "Google",
      "Apple",
      "Mobile Iron",
      "Facebook"
    ]
  },
  {
    "jobId": 2,
    "jobTitle": "Software Engg - Part2",
    "project": [
      {
        "technology": [
          "Kotlin",
          "SQL Lite",
          "Gradle",
          "No Sql"
        ],
        "projectName": "Movie App"
      }
    ],
    "jobDescription": "To develop andriod application",
    "experience": [
      "Google",
      "Apple",
      "Mobile Iron",
      "Facebook"
    ]
  },
  {
    "jobId": 2,
    "jobTitle": "Software Engg - Part2",
    "project": [
      {
        "technology": [
          "Kotlin",
          "SQL Lite",
          "Gradle",
          "No Sql"
        ],
        "projectName": "Movie App"
      }
    ],
    "jobDescription": "To develop andriod application",
    "experience": [
      "Google",
      "Apple",
      "Mobile Iron",
      "Facebook"
    ]
  }
]

09:30:44.657 karate.env system property was:  
09:30:44.665 request:
1 > GET http://localhost:9897/normal/webapi/all
1 > Accept: application/json
1 > Accept-Encoding: gzip,deflate
1 > Connection: Keep-Alive
1 > Content-Type: application/json
1 > Host: localhost:9897
1 > User-Agent: Apache-HttpClient/4.5.12 (Java/11.0.12)

09:30:44.758 response time in milliseconds: 97.24
1 < 200
1 < Cache-Control: no-cache, no-store, max-age=0, must-revalidate
1 < Connection: keep-alive
1 < Content-Type: application/json
1 < Date: Wed, 11 Aug 2021 04:00:44 GMT
1 < Expires: 0
1 < Keep-Alive: timeout=60
1 < Pragma: no-cache
1 < Transfer-Encoding: chunked
1 < X-Content-Type-Options: nosniff
1 < X-Frame-Options: DENY
1 < X-XSS-Protection: 1; mode=block
[{"jobId":1,"jobTitle":"Software Engg","jobDescription":"To develop andriod application","experience":["Google","Apple","Mobile Iron"],"project":[{"projectName":"Movie App","technology":["Kotlin","SQL Lite","Gradle"]}]},{"jobId":800,"jobTitle":"Software Engg - Part2","jobDescription":"To develop andriod application","experience":["Google","Apple","Mobile Iron","Facebook"],"project":[{"projectName":"Movie App","technology":["Kotlin","SQL Lite","Gradle","No Sql"]}]}]

09:30:44.766 [print] [
  {
    "jobId": 1,
    "jobTitle": "Software Engg",
    "project": [
      {
        "technology": [
          "Kotlin",
          "SQL Lite",
          "Gradle"
        ],
        "projectName": "Movie App"
      }
    ],
    "jobDescription": "To develop andriod application",
    "experience": [
      "Google",
      "Apple",
      "Mobile Iron"
    ]
  },
  {
    "jobId": 800,
    "jobTitle": "Software Engg - Part2",
    "project": [
      {
        "technology": [
          "Kotlin",
          "SQL Lite",
          "Gradle",
          "No Sql"
        ],
        "projectName": "Movie App"
      }
    ],
    "jobDescription": "To develop andriod application",
    "experience": [
      "Google",
      "Apple",
      "Mobile Iron",
      "Facebook"
    ]
  }
]

09:30:44.768 assertion failed: path: $.[*].jobTitle[*], actual: ["Software Engg","Software Engg - Part2"], NOT expected: 'Software Engg - Part2', reason: actual value contains unexpected
09:30:44.808 karate.env system property was:  
09:30:44.808 [print] =================Background step should execute first==================
09:30:44.808 request:
1 > GET http://localhost:9897/normal/webapi/all
1 > Accept: application/xml
1 > Accept-Encoding: gzip,deflate
1 > Connection: Keep-Alive
1 > Host: localhost:9897
1 > User-Agent: Apache-HttpClient/4.5.12 (Java/11.0.12)

09:30:44.837 response time in milliseconds: 23.70
1 < 200
1 < Cache-Control: no-cache, no-store, max-age=0, must-revalidate
1 < Connection: keep-alive
1 < Content-Type: application/xml
1 < Date: Wed, 11 Aug 2021 04:00:44 GMT
1 < Expires: 0
1 < Keep-Alive: timeout=60
1 < Pragma: no-cache
1 < Transfer-Encoding: chunked
1 < X-Content-Type-Options: nosniff
1 < X-Frame-Options: DENY
1 < X-XSS-Protection: 1; mode=block
<List><item><jobId>1</jobId><jobTitle>Software Engg</jobTitle><jobDescription>To develop andriod application</jobDescription><experience><experience>Google</experience><experience>Apple</experience><experience>Mobile Iron</experience></experience><project><project><projectName>Movie App</projectName><technology><technology>Kotlin</technology><technology>SQL Lite</technology><technology>Gradle</technology></technology></project></project></item><item><jobId>800</jobId><jobTitle>Software Engg - Part2</jobTitle><jobDescription>To develop andriod application</jobDescription><experience><experience>Google</experience><experience>Apple</experience><experience>Mobile Iron</experience><experience>Facebook</experience></experience><project><project><projectName>Movie App</projectName><technology><technology>Kotlin</technology><technology>SQL Lite</technology><technology>Gradle</technology><technology>No Sql</technology></technology></project></project></item></List>

09:30:44.879 [print] Expected XML is ::  <List>
  <item>
    <jobId>1</jobId>
    <jobTitle>Software Engg</jobTitle>
    <jobDescription>To develop andriod application</jobDescription>
    <experience>
      <experience>Google</experience>
      <experience>Apple</experience>
      <experience>Mobile Iron</experience>
    </experience>
    <project>
      <project>
        <projectName>Movie App</projectName>
        <technology>
          <technology>Kotlin</technology>
          <technology>SQL Lite</technology>
          <technology>Gradle</technology>
        </technology>
      </project>
    </project>
  </item>
</List>

09:30:44.899 assertion failed: path: /List/item, actual: [{jobId=1, jobTitle=Software Engg, jobDescription=To develop andriod application, experience={experience=[Google, Apple, Mobile Iron]}, project={project={projectName=Movie App, technology={technology=[Kotlin, SQL Lite, Gradle]}}}}, {jobId=800, jobTitle=Software Engg - Part2, jobDescription=To develop andriod application, experience={experience=[Google, Apple, Mobile Iron, Facebook]}, project={project={projectName=Movie App, technology={technology=[Kotlin, SQL Lite, Gradle, No Sql]}}}}], expected: '<item><jobId>1</jobId><jobTitle>Software Engg</jobTitle><jobDescription>To develop andriod application</jobDescription><experience><experience>Google</experience><experience>Apple</experience><experience>Mobile Iron</experience></experience><project><project><projectName>Movie App</projectName><technology><technology>Kotlin</technology><technology>SQL Lite</technology><technology>Gradle</technology></technology></project></project></item>', reason: actual value is not map-like
09:30:44.928 karate.env system property was:  
09:30:44.950 request:
1 > POST http://localhost:9897/normal/webapi/add
1 > Accept: application/json
1 > Accept-Encoding: gzip,deflate
1 > Connection: Keep-Alive
1 > Content-Length: 247
1 > Content-Type: application/json; charset=UTF-8
1 > Host: localhost:9897
1 > User-Agent: Apache-HttpClient/4.5.12 (Java/11.0.12)
{"jobId":50,"jobTitle":"Software Engg - Part2","project":[{"technology":["Kotlin","SQL Lite","Gradle","No Sql"],"projectName":"Movie App"}],"jobDescription":"To develop andriod application","experience":["Google","Apple","Mobile Iron","Facebook"]}

09:30:44.980 response time in milliseconds: 27.79
1 < 201
1 < Cache-Control: no-cache, no-store, max-age=0, must-revalidate
1 < Connection: keep-alive
1 < Content-Type: application/json
1 < Date: Wed, 11 Aug 2021 04:00:44 GMT
1 < Expires: 0
1 < Keep-Alive: timeout=60
1 < Pragma: no-cache
1 < Transfer-Encoding: chunked
1 < X-Content-Type-Options: nosniff
1 < X-Frame-Options: DENY
1 < X-XSS-Protection: 1; mode=block
{"jobId":50,"jobTitle":"Software Engg - Part2","jobDescription":"To develop andriod application","experience":["Google","Apple","Mobile Iron","Facebook"],"project":[{"projectName":"Movie App","technology":["Kotlin","SQL Lite","Gradle","No Sql"]}]}

09:30:44.980 [print] {
  "jobId": 50,
  "jobTitle": "Software Engg - Part2",
  "project": [
    {
      "technology": [
        "Kotlin",
        "SQL Lite",
        "Gradle",
        "No Sql"
      ],
      "projectName": "Movie App"
    }
  ],
  "jobDescription": "To develop andriod application",
  "experience": [
    "Google",
    "Apple",
    "Mobile Iron",
    "Facebook"
  ]
}

09:30:44.990 request:
2 > DELETE http://localhost:9897/normal/webapi/remove/50
2 > Accept-Encoding: gzip,deflate
2 > Connection: Keep-Alive
2 > Host: localhost:9897
2 > User-Agent: Apache-HttpClient/4.5.12 (Java/11.0.12)

09:30:45.031 response time in milliseconds: 36.20
2 < 200
2 < Cache-Control: no-cache, no-store, max-age=0, must-revalidate
2 < Connection: keep-alive
2 < Content-Type: application/json
2 < Date: Wed, 11 Aug 2021 04:00:44 GMT
2 < Expires: 0
2 < Keep-Alive: timeout=60
2 < Pragma: no-cache
2 < Transfer-Encoding: chunked
2 < X-Content-Type-Options: nosniff
2 < X-Frame-Options: DENY
2 < X-XSS-Protection: 1; mode=block
{"jobId":50,"jobTitle":"Software Engg - Part2","jobDescription":"To develop andriod application","experience":["Google","Apple","Mobile Iron","Facebook"],"project":[{"projectName":"Movie App","technology":["Kotlin","SQL Lite","Gradle","No Sql"]}]}

09:30:45.031 karate.env system property was:  
09:30:45.051 [print] Integer Value is ::  10
09:30:45.061 [print] Random Value is ::  64
09:30:45.081 [print] Sum is ::  30
09:30:45.172 karate.env system property was:  
09:30:45.190 request:
1 > POST http://localhost:9897/normal/webapi/add
1 > Accept: application/json
1 > Accept-Encoding: gzip,deflate
1 > Connection: Keep-Alive
1 > Content-Length: 247
1 > Content-Type: application/json; charset=UTF-8
1 > Host: localhost:9897
1 > User-Agent: Apache-HttpClient/4.5.12 (Java/11.0.12)
{"jobId":25,"jobTitle":"Software Engg - Part2","project":[{"technology":["Kotlin","SQL Lite","Gradle","No Sql"],"projectName":"Movie App"}],"jobDescription":"To develop andriod application","experience":["Google","Apple","Mobile Iron","Facebook"]}

09:30:45.233 response time in milliseconds: 44.06
1 < 201
1 < Cache-Control: no-cache, no-store, max-age=0, must-revalidate
1 < Connection: keep-alive
1 < Content-Type: application/json
1 < Date: Wed, 11 Aug 2021 04:00:44 GMT
1 < Expires: 0
1 < Keep-Alive: timeout=60
1 < Pragma: no-cache
1 < Transfer-Encoding: chunked
1 < X-Content-Type-Options: nosniff
1 < X-Frame-Options: DENY
1 < X-XSS-Protection: 1; mode=block
{"jobId":25,"jobTitle":"Software Engg - Part2","jobDescription":"To develop andriod application","experience":["Google","Apple","Mobile Iron","Facebook"],"project":[{"projectName":"Movie App","technology":["Kotlin","SQL Lite","Gradle","No Sql"]}]}

09:30:45.243 request:
2 > PUT http://localhost:9897/normal/webapi/update
2 > Accept-Encoding: gzip,deflate
2 > Connection: Keep-Alive
2 > Content-Length: 331
2 > Content-Type: application/json; charset=UTF-8
2 > Host: localhost:9897
2 > User-Agent: Apache-HttpClient/4.5.12 (Java/11.0.12)
{"jobId":25,"jobTitle":"Software Engg - Part2","jobDescription":"To develop andriod application and web application","experience":["Google","Apple","Mobile Iron","Facebook"],"project":[{"projectName":"Movie App","technology":["Kotlin","SQL Lite","Gradle","No Sql"]},{"projectName":"Web App","technology":["Selenium","UFT","RPA"]}]}

09:30:45.293 response time in milliseconds: 52.73
2 < 200
2 < Cache-Control: no-cache, no-store, max-age=0, must-revalidate
2 < Connection: keep-alive
2 < Content-Type: application/json
2 < Date: Wed, 11 Aug 2021 04:00:44 GMT
2 < Expires: 0
2 < Keep-Alive: timeout=60
2 < Pragma: no-cache
2 < Transfer-Encoding: chunked
2 < X-Content-Type-Options: nosniff
2 < X-Frame-Options: DENY
2 < X-XSS-Protection: 1; mode=block
{"jobId":25,"jobTitle":"Software Engg - Part2","jobDescription":"To develop andriod application and web application","experience":["Google","Apple","Mobile Iron","Facebook"],"project":[{"projectName":"Movie App","technology":["Kotlin","SQL Lite","Gradle","No Sql"]},{"projectName":"Web App","technology":["Selenium","UFT","RPA"]}]}

09:30:45.303 request:
3 > DELETE http://localhost:9897/normal/webapi/remove/25
3 > Accept-Encoding: gzip,deflate
3 > Connection: Keep-Alive
3 > Host: localhost:9897
3 > User-Agent: Apache-HttpClient/4.5.12 (Java/11.0.12)

09:30:45.334 response time in milliseconds: 27.77
3 < 200
3 < Cache-Control: no-cache, no-store, max-age=0, must-revalidate
3 < Connection: keep-alive
3 < Content-Type: application/json
3 < Date: Wed, 11 Aug 2021 04:00:44 GMT
3 < Expires: 0
3 < Keep-Alive: timeout=60
3 < Pragma: no-cache
3 < Transfer-Encoding: chunked
3 < X-Content-Type-Options: nosniff
3 < X-Frame-Options: DENY
3 < X-XSS-Protection: 1; mode=block
{"jobId":25,"jobTitle":"Software Engg - Part2","jobDescription":"To develop andriod application and web application","experience":["Google","Apple","Mobile Iron","Facebook"],"project":[{"projectName":"Movie App","technology":["Kotlin","SQL Lite","Gradle","No Sql"]},{"projectName":"Web App","technology":["Selenium","UFT","RPA"]}]}

09:30:45.334 karate.env system property was:  
09:30:45.354 request:
1 > POST http://localhost:9897/normal/webapi/add
1 > Accept: application/json
1 > Accept-Encoding: gzip,deflate
1 > Connection: Keep-Alive
1 > Content-Length: 248
1 > Content-Type: application/json; charset=UTF-8
1 > Host: localhost:9897
1 > User-Agent: Apache-HttpClient/4.5.12 (Java/11.0.12)
{"jobId":800,"jobTitle":"Software Engg - Part2","project":[{"technology":["Kotlin","SQL Lite","Gradle","No Sql"],"projectName":"Movie App"}],"jobDescription":"To develop andriod application","experience":["Google","Apple","Mobile Iron","Facebook"]}

09:30:45.384 response time in milliseconds: 30.22
1 < 201
1 < Cache-Control: no-cache, no-store, max-age=0, must-revalidate
1 < Connection: keep-alive
1 < Content-Type: application/json
1 < Date: Wed, 11 Aug 2021 04:00:44 GMT
1 < Expires: 0
1 < Keep-Alive: timeout=60
1 < Pragma: no-cache
1 < Transfer-Encoding: chunked
1 < X-Content-Type-Options: nosniff
1 < X-Frame-Options: DENY
1 < X-XSS-Protection: 1; mode=block
{"jobId":800,"jobTitle":"Software Engg - Part2","jobDescription":"To develop andriod application","experience":["Google","Apple","Mobile Iron","Facebook"],"project":[{"projectName":"Movie App","technology":["Kotlin","SQL Lite","Gradle","No Sql"]}]}

09:30:45.404 request:
1 > PUT http://localhost:9897/normal/webapi/update
1 > Accept: application/json
1 > Accept-Encoding: gzip,deflate
1 > Connection: Keep-Alive
1 > Content-Length: 332
1 > Content-Type: application/json; charset=UTF-8
1 > Host: localhost:9897
1 > User-Agent: Apache-HttpClient/4.5.12 (Java/11.0.12)
{"jobId":800,"jobTitle":"Software Engg - Part2","jobDescription":"To develop andriod application and web application","experience":["Google","Apple","Mobile Iron","Facebook"],"project":[{"projectName":"Movie App","technology":["Kotlin","SQL Lite","Gradle","No Sql"]},{"projectName":"Web App","technology":["Selenium","UFT","RPA"]}]}

09:30:45.465 response time in milliseconds: 58.84
1 < 200
1 < Cache-Control: no-cache, no-store, max-age=0, must-revalidate
1 < Connection: keep-alive
1 < Content-Type: application/json
1 < Date: Wed, 11 Aug 2021 04:00:45 GMT
1 < Expires: 0
1 < Keep-Alive: timeout=60
1 < Pragma: no-cache
1 < Transfer-Encoding: chunked
1 < X-Content-Type-Options: nosniff
1 < X-Frame-Options: DENY
1 < X-XSS-Protection: 1; mode=block
{"jobId":800,"jobTitle":"Software Engg - Part2","jobDescription":"To develop andriod application and web application","experience":["Google","Apple","Mobile Iron","Facebook"],"project":[{"projectName":"Movie App","technology":["Kotlin","SQL Lite","Gradle","No Sql"]},{"projectName":"Web App","technology":["Selenium","UFT","RPA"]}]}

09:30:45.475 request:
2 > DELETE http://localhost:9897/normal/webapi/remove/800
2 > Accept-Encoding: gzip,deflate
2 > Connection: Keep-Alive
2 > Host: localhost:9897
2 > User-Agent: Apache-HttpClient/4.5.12 (Java/11.0.12)

09:30:45.526 response time in milliseconds: 37.96
2 < 200
2 < Cache-Control: no-cache, no-store, max-age=0, must-revalidate
2 < Connection: keep-alive
2 < Content-Type: application/json
2 < Date: Wed, 11 Aug 2021 04:00:45 GMT
2 < Expires: 0
2 < Keep-Alive: timeout=60
2 < Pragma: no-cache
2 < Transfer-Encoding: chunked
2 < X-Content-Type-Options: nosniff
2 < X-Frame-Options: DENY
2 < X-XSS-Protection: 1; mode=block
{"jobId":800,"jobTitle":"Software Engg - Part2","jobDescription":"To develop andriod application and web application","experience":["Google","Apple","Mobile Iron","Facebook"],"project":[{"projectName":"Movie App","technology":["Kotlin","SQL Lite","Gradle","No Sql"]},{"projectName":"Web App","technology":["Selenium","UFT","RPA"]}]}

09:30:45.536 karate.env system property was:  
09:30:45.546 karate.env system property was:  
09:30:45.607 feature call failed: classpath:com/api/automation/tags/createJobEntry.feature
arg: null
createJobEntry.feature:31 - could not find or read file: data/jobEntry.json
09:30:45.617 karate.env system property was:  
09:30:45.617 request:
1 > POST http://localhost:9897/normal/webapi/add
1 > Accept: application/json
1 > Accept-Encoding: gzip,deflate
1 > Connection: Keep-Alive
1 > Content-Length: 246
1 > Content-Type: application/json; charset=UTF-8
1 > Host: localhost:9897
1 > User-Agent: Apache-HttpClient/4.5.12 (Java/11.0.12)
{"jobId":4,"jobTitle":"Software Engg - Part4","project":[{"technology":["Kotlin","SQL Lite","Gradle","No Sql"],"projectName":"Movie App"}],"jobDescription":"To develop andriod application","experience":["Google","Apple","Mobile Iron","Facebook"]}

09:30:45.668 response time in milliseconds: 52.87
1 < 201
1 < Cache-Control: no-cache, no-store, max-age=0, must-revalidate
1 < Connection: keep-alive
1 < Content-Type: application/json
1 < Date: Wed, 11 Aug 2021 04:00:45 GMT
1 < Expires: 0
1 < Keep-Alive: timeout=60
1 < Pragma: no-cache
1 < Transfer-Encoding: chunked
1 < X-Content-Type-Options: nosniff
1 < X-Frame-Options: DENY
1 < X-XSS-Protection: 1; mode=block
{"jobId":4,"jobTitle":"Software Engg - Part4","jobDescription":"To develop andriod application","experience":["Google","Apple","Mobile Iron","Facebook"],"project":[{"projectName":"Movie App","technology":["Kotlin","SQL Lite","Gradle","No Sql"]}]}

09:30:45.676 [print] {
  "jobId": 4,
  "jobTitle": "Software Engg - Part4",
  "project": [
    {
      "technology": [
        "Kotlin",
        "SQL Lite",
        "Gradle",
        "No Sql"
      ],
      "projectName": "Movie App"
    }
  ],
  "jobDescription": "To develop andriod application",
  "experience": [
    "Google",
    "Apple",
    "Mobile Iron",
    "Facebook"
  ]
}

09:30:45.686 request:
2 > DELETE http://localhost:9897/normal/webapi/remove/4
2 > Accept-Encoding: gzip,deflate
2 > Connection: Keep-Alive
2 > Host: localhost:9897
2 > User-Agent: Apache-HttpClient/4.5.12 (Java/11.0.12)

09:30:45.698 response time in milliseconds: 15.46
2 < 200
2 < Cache-Control: no-cache, no-store, max-age=0, must-revalidate
2 < Connection: keep-alive
2 < Content-Type: application/json
2 < Date: Wed, 11 Aug 2021 04:00:45 GMT
2 < Expires: 0
2 < Keep-Alive: timeout=60
2 < Pragma: no-cache
2 < Transfer-Encoding: chunked
2 < X-Content-Type-Options: nosniff
2 < X-Frame-Options: DENY
2 < X-XSS-Protection: 1; mode=block
{"jobId":4,"jobTitle":"Software Engg - Part4","jobDescription":"To develop andriod application","experience":["Google","Apple","Mobile Iron","Facebook"],"project":[{"projectName":"Movie App","technology":["Kotlin","SQL Lite","Gradle","No Sql"]}]}

