18:03:35.950 karate.env system property was:  
18:03:36.246 [print]  url ::  http://localhost:9897
18:03:36.262 [print]  path ::  /normal/webapi/add
18:03:36.280 [print]  id ::  86
18:03:37.448 request:
1 > POST http://localhost:9897/normal/webapi/add
1 > Accept: application/json
1 > Accept-Encoding: gzip,deflate
1 > Connection: Keep-Alive
1 > Content-Length: 247
1 > Content-Type: application/json; charset=UTF-8
1 > Host: localhost:9897
1 > User-Agent: Apache-HttpClient/4.5.12 (Java/11.0.12)
{"jobId":86,"jobTitle":"Software Engg - Part2","project":[{"technology":["Kotlin","SQL Lite","Gradle","No Sql"],"projectName":"Movie App"}],"jobDescription":"To develop andriod application","experience":["Google","Apple","Mobile Iron","Facebook"]}

18:03:37.552 response time in milliseconds: 97.43
1 < 201
1 < Cache-Control: no-cache, no-store, max-age=0, must-revalidate
1 < Connection: keep-alive
1 < Content-Type: application/json
1 < Date: Tue, 10 Aug 2021 12:33:37 GMT
1 < Expires: 0
1 < Keep-Alive: timeout=60
1 < Pragma: no-cache
1 < Transfer-Encoding: chunked
1 < X-Content-Type-Options: nosniff
1 < X-Frame-Options: DENY
1 < X-XSS-Protection: 1; mode=block
{"jobId":86,"jobTitle":"Software Engg - Part2","jobDescription":"To develop andriod application","experience":["Google","Apple","Mobile Iron","Facebook"],"project":[{"projectName":"Movie App","technology":["Kotlin","SQL Lite","Gradle","No Sql"]}]}

18:03:37.586 request:
1 > GET http://localhost:9897/normal/webapi/find?id=86&jobTitle=Software+Engg+-+Part2
1 > Accept: application/json
1 > Accept-Encoding: gzip,deflate
1 > Connection: Keep-Alive
1 > Content-Type: application/json
1 > Host: localhost:9897
1 > User-Agent: Apache-HttpClient/4.5.12 (Java/11.0.12)

18:03:39.846 response time in milliseconds: 2258.14
1 < 200
1 < Cache-Control: no-cache, no-store, max-age=0, must-revalidate
1 < Connection: keep-alive
1 < Content-Type: application/json
1 < Date: Tue, 10 Aug 2021 12:33:39 GMT
1 < Expires: 0
1 < Keep-Alive: timeout=60
1 < Pragma: no-cache
1 < Transfer-Encoding: chunked
1 < X-Content-Type-Options: nosniff
1 < X-Frame-Options: DENY
1 < X-XSS-Protection: 1; mode=block
{"jobId":86,"jobTitle":"Software Engg - Part2","jobDescription":"To develop andriod application","experience":["Google","Apple","Mobile Iron","Facebook"],"project":[{"projectName":"Movie App","technology":["Kotlin","SQL Lite","Gradle","No Sql"]}]}

18:03:39.859 request:
2 > DELETE http://localhost:9897/normal/webapi/remove/86
2 > Accept-Encoding: gzip,deflate
2 > Connection: Keep-Alive
2 > Host: localhost:9897
2 > User-Agent: Apache-HttpClient/4.5.12 (Java/11.0.12)

18:03:39.902 response time in milliseconds: 41.85
2 < 200
2 < Cache-Control: no-cache, no-store, max-age=0, must-revalidate
2 < Connection: keep-alive
2 < Content-Type: application/json
2 < Date: Tue, 10 Aug 2021 12:33:39 GMT
2 < Expires: 0
2 < Keep-Alive: timeout=60
2 < Pragma: no-cache
2 < Transfer-Encoding: chunked
2 < X-Content-Type-Options: nosniff
2 < X-Frame-Options: DENY
2 < X-XSS-Protection: 1; mode=block
{"jobId":86,"jobTitle":"Software Engg - Part2","jobDescription":"To develop andriod application","experience":["Google","Apple","Mobile Iron","Facebook"],"project":[{"projectName":"Movie App","technology":["Kotlin","SQL Lite","Gradle","No Sql"]}]}

18:03:39.932 karate.env system property was:  
18:03:39.969 [print]  url ::  http://localhost:9897
18:03:39.970 [print]  path ::  /normal/webapi/add
18:03:39.971 [print]  id ::  76
18:03:39.978 request:
1 > POST http://localhost:9897/normal/webapi/add
1 > Accept: application/json
1 > Accept-Encoding: gzip,deflate
1 > Connection: Keep-Alive
1 > Content-Length: 247
1 > Content-Type: application/json; charset=UTF-8
1 > Host: localhost:9897
1 > User-Agent: Apache-HttpClient/4.5.12 (Java/11.0.12)
{"jobId":76,"jobTitle":"Software Engg - Part2","project":[{"technology":["Kotlin","SQL Lite","Gradle","No Sql"],"projectName":"Movie App"}],"jobDescription":"To develop andriod application","experience":["Google","Apple","Mobile Iron","Facebook"]}

18:03:39.986 response time in milliseconds: 6.02
1 < 201
1 < Cache-Control: no-cache, no-store, max-age=0, must-revalidate
1 < Connection: keep-alive
1 < Content-Type: application/json
1 < Date: Tue, 10 Aug 2021 12:33:39 GMT
1 < Expires: 0
1 < Keep-Alive: timeout=60
1 < Pragma: no-cache
1 < Transfer-Encoding: chunked
1 < X-Content-Type-Options: nosniff
1 < X-Frame-Options: DENY
1 < X-XSS-Protection: 1; mode=block
{"jobId":76,"jobTitle":"Software Engg - Part2","jobDescription":"To develop andriod application","experience":["Google","Apple","Mobile Iron","Facebook"],"project":[{"projectName":"Movie App","technology":["Kotlin","SQL Lite","Gradle","No Sql"]}]}

18:03:39.992 request:
1 > GET http://localhost:9897/normal/webapi/find?id=55555&jobTitle=Software+Engg+-+Part2
1 > Accept: application/json
1 > Accept-Encoding: gzip,deflate
1 > Connection: Keep-Alive
1 > Content-Type: application/json
1 > Host: localhost:9897
1 > User-Agent: Apache-HttpClient/4.5.12 (Java/11.0.12)

18:03:40.002 response time in milliseconds: 8.30
1 < 404
1 < Cache-Control: no-cache, no-store, max-age=0, must-revalidate
1 < Connection: keep-alive
1 < Content-Type: application/json
1 < Date: Tue, 10 Aug 2021 12:33:39 GMT
1 < Expires: 0
1 < Keep-Alive: timeout=60
1 < Pragma: no-cache
1 < Transfer-Encoding: chunked
1 < X-Content-Type-Options: nosniff
1 < X-Frame-Options: DENY
1 < X-XSS-Protection: 1; mode=block
{"message":"Failed to find job with id=55555, jobTitle=Software Engg - Part2"}

18:03:40.008 request:
2 > DELETE http://localhost:9897/normal/webapi/remove/76
2 > Accept-Encoding: gzip,deflate
2 > Connection: Keep-Alive
2 > Host: localhost:9897
2 > User-Agent: Apache-HttpClient/4.5.12 (Java/11.0.12)

18:03:40.018 response time in milliseconds: 8.91
2 < 200
2 < Cache-Control: no-cache, no-store, max-age=0, must-revalidate
2 < Connection: keep-alive
2 < Content-Type: application/json
2 < Date: Tue, 10 Aug 2021 12:33:39 GMT
2 < Expires: 0
2 < Keep-Alive: timeout=60
2 < Pragma: no-cache
2 < Transfer-Encoding: chunked
2 < X-Content-Type-Options: nosniff
2 < X-Frame-Options: DENY
2 < X-XSS-Protection: 1; mode=block
{"jobId":76,"jobTitle":"Software Engg - Part2","jobDescription":"To develop andriod application","experience":["Google","Apple","Mobile Iron","Facebook"],"project":[{"projectName":"Movie App","technology":["Kotlin","SQL Lite","Gradle","No Sql"]}]}

p"}],"jobDescription":"To develop andriod application","experience":["Google","Apple","Mobile Iron","Facebook"]}

18:02:36.150 response time in milliseconds: 9.91
1 < 201
1 < Cache-Control: no-cache, no-store, max-age=0, must-revalidate
1 < Connection: keep-alive
1 < Content-Type: application/json
1 < Date: Tue, 10 Aug 2021 12:32:35 GMT
1 < Expires: 0
1 < Keep-Alive: timeout=60
1 < Pragma: no-cache
1 < Transfer-Encoding: chunked
1 < X-Content-Type-Options: nosniff
1 < X-Frame-Options: DENY
1 < X-XSS-Protection: 1; mode=block
{"jobId":2,"jobTitle":"Software Engg - Part2","jobDescription":"To develop andriod application","experience":["Google","Apple","Mobile Iron","Facebook"],"project":[{"projectName":"Movie App","technology":["Kotlin","SQL Lite","Gradle","No Sql"]}]}

18:02:36.166 request:
1 > DELETE http://localhost:9897/normal/webapi/remove/2
1 > Accept: application/json
1 > Accept-Encoding: gzip,deflate
1 > Connection: Keep-Alive
1 > Content-Type: application/json
1 > Host: localhost:9897
1 > User-Agent: Apache-HttpClient/4.5.12 (Java/11.0.12)

18:02:36.178 response time in milliseconds: 9.13
1 < 200
1 < Cache-Control: no-cache, no-store, max-age=0, must-revalidate
1 < Connection: keep-alive
1 < Content-Type: application/json
1 < Date: Tue, 10 Aug 2021 12:32:35 GMT
1 < Expires: 0
1 < Keep-Alive: timeout=60
1 < Pragma: no-cache
1 < Transfer-Encoding: chunked
1 < X-Content-Type-Options: nosniff
1 < X-Frame-Options: DENY
1 < X-XSS-Protection: 1; mode=block
{"jobId":2,"jobTitle":"Software Engg","jobDescription":"To develop andriod application and web application","experience":["Google","Apple","Mobile Iron"],"project":[{"projectName":"Movie App","technology":["Kotlin","SQL Lite","Gradle"]},{"projectName":"Web App","technology":["Selenium","UFT","RPA"]}]}

18:02:36.196 karate.env system property was:  
18:02:36.200 request:
1 > GET http://localhost:9897/normal/webapi/all
1 > Accept: application/json
1 > Accept-Encoding: gzip,deflate
1 > Connection: Keep-Alive
1 > Content-Type: application/json
1 > Host: localhost:9897
1 > User-Agent: Apache-HttpClient/4.5.12 (Java/11.0.12)

18:02:36.235 response time in milliseconds: 33.40
1 < 200
1 < Cache-Control: no-cache, no-store, max-age=0, must-revalidate
1 < Connection: keep-alive
1 < Content-Type: application/json
1 < Date: Tue, 10 Aug 2021 12:32:35 GMT
1 < Expires: 0
1 < Keep-Alive: timeout=60
1 < Pragma: no-cache
1 < Transfer-Encoding: chunked
1 < X-Content-Type-Options: nosniff
1 < X-Frame-Options: DENY
1 < X-XSS-Protection: 1; mode=block
[{"jobId":1,"jobTitle":"Software Engg","jobDescription":"To develop andriod application","experience":["Google","Apple","Mobile Iron"],"project":[{"projectName":"Movie App","technology":["Kotlin","SQL Lite","Gradle"]}]}]

18:02:36.236 [print] [
  {
    "jobId": 1,
    "jobTitle": "Software Engg",
    "project": [
      {
        "technology": [
          "Kotlin",
          "SQL Lite",
          "Gradle"
        ],
        "projectName": "Movie App"
      }
    ],
    "jobDescription": "To develop andriod application",
    "experience": [
      "Google",
      "Apple",
      "Mobile Iron"
    ]
  }
]

